<?xml version="1.0" encoding="utf-8"?>
<TestRun id="1f85a8a9-ff0c-4dc0-b248-d295edd1c7de" name="84969@MSI 2026-06-08 21:07:35" runUser="MSI\84969" xmlns="http://microsoft.com/schemas/VisualStudio/TeamTest/2010">
  <Times creation="2026-06-08T21:07:35.3880758+07:00" queuing="2026-06-08T21:07:35.3880763+07:00" start="2026-06-08T21:07:00.0808855+07:00" finish="2026-06-08T21:10:34.5410832+07:00" />
  <TestSettings name="default" id="50d09ddd-2430-4d9e-91f4-c8b7f0b32f02">
    <Deployment runDeploymentRoot="84969_MSI_2026-06-08_21_07_35" />
  </TestSettings>
  <Results>
    <UnitTestResult executionId="2e1fc8ee-5464-4640-bb40-09b5dc9512d0" testId="4106106f-9446-eb54-b3cb-6132895fcba3" testName="AdminDangNhapVaDuyetTatCaManHinh" computerName="MSI" duration="00:00:33.3004990" startTime="2026-06-08T21:07:02.0381334+07:00" endTime="2026-06-08T21:07:35.3385660+07:00" testType="13cdc9d9-ddb5-4fa4-a97d-d965ccfc6d4b" outcome="Passed" testListId="8c84fa94-04c1-424b-9868-57a2d4851a1d" relativeResultsDirectory="2e1fc8ee-5464-4640-bb40-09b5dc9512d0">
      <Output>
        <StdOut>Given backend dang san sang&#xD;
-&gt; done: CommonSteps.GivenBackendDangSanSang() (0.0s)&#xD;
And he thong du lieu demo duoc reset&#xD;
-&gt; done: CommonSteps.GivenHeThongDuLieuDemoDuocReset() (0.0s)&#xD;
When toi dang nhap web Flutter "admin" voi tai khoan "admin" mat khau "123"&#xD;
-&gt; done: CommonSteps.WhenToiDangNhapWebFlutter("admin", "admin", "123") (8.3s)&#xD;
Then ung dung Flutter da dang nhap thanh cong&#xD;
-&gt; done: CommonSteps.ThenUngDungFlutterDaDangNhapThanhCong() (0.1s)&#xD;
When admin duyet tat ca man hinh chinh&#xD;
-&gt; done: AdminSteps.WhenAdminDuyetTatCaManHinhChinh() (24.5s)&#xD;
Then trang khong hien thi loi ket noi&#xD;
-&gt; done: CommonSteps.ThenTrangKhongHienThiLoiKetNoi() (0.0s)</StdOut>
      </Output>
    </UnitTestResult>
    <UnitTestResult executionId="2ac627d3-ee26-4fc7-9fca-4da61db49296" testId="2aec1e2c-2966-9ad8-596f-fc9bd244d197" testName="MaTrậnKiểmThửId_Tieu_De(&quot;AUTO-048&quot;,&quot;Lọc công nợ mở&quot;,null)" computerName="MSI" duration="00:00:00.0074520" startTime="2026-06-08T21:09:07.9941340+07:00" endTime="2026-06-08T21:09:08.0015861+07:00" testType="13cdc9d9-ddb5-4fa4-a97d-d965ccfc6d4b" outcome="Passed" testListId="8c84fa94-04c1-424b-9868-57a2d4851a1d" relativeResultsDirectory="2ac627d3-ee26-4fc7-9fca-4da61db49296">
      <Output>
        <StdOut>Given backend dang san sang&#xD;
-&gt; done: CommonSteps.GivenBackendDangSanSang() (0.0s)&#xD;
And he thong du lieu demo duoc reset&#xD;
-&gt; done: CommonSteps.GivenHeThongDuLieuDemoDuocReset() (0.0s)&#xD;
When tôi chạy testcase tự động "AUTO-048"&#xD;
-&gt; done: MatrixSteps.WhenToiChayTestcaseTuDong("AUTO-048") (0.0s)&#xD;
Then testcase "AUTO-048" đạt yêu cầu&#xD;
-&gt; done: MatrixSteps.ThenTestcaseDatYeuCau("AUTO-048") (0.0s)</StdOut>
      </Output>
    </UnitTestResult>
    <UnitTestResult executionId="9e64afb7-9edf-4c48-a497-4e57ee6dfa00" testId="0c780265-8397-b967-0bcf-2408ad155f1f" testName="MaTrậnKiểmThửId_Tieu_De(&quot;AUTO-004&quot;,&quot;Từ chối mật khẩu sai của nhân viên&quot;,null)" computerName="MSI" duration="00:00:00.0086660" startTime="2026-06-08T21:09:07.2953803+07:00" endTime="2026-06-08T21:09:07.3040462+07:00" testType="13cdc9d9-ddb5-4fa4-a97d-d965ccfc6d4b" outcome="Passed" testListId="8c84fa94-04c1-424b-9868-57a2d4851a1d" relativeResultsDirectory="9e64afb7-9edf-4c48-a497-4e57ee6dfa00">
      <Output>
        <StdOut>Given backend dang san sang&#xD;
-&gt; done: CommonSteps.GivenBackendDangSanSang() (0.0s)&#xD;
And he thong du lieu demo duoc reset&#xD;
-&gt; done: CommonSteps.GivenHeThongDuLieuDemoDuocReset() (0.0s)&#xD;
When tôi chạy testcase tự động "AUTO-004"&#xD;
-&gt; done: MatrixSteps.WhenToiChayTestcaseTuDong("AUTO-004") (0.0s)&#xD;
Then testcase "AUTO-004" đạt yêu cầu&#xD;
-&gt; done: MatrixSteps.ThenTestcaseDatYeuCau("AUTO-004") (0.0s)</StdOut>
      </Output>
    </UnitTestResult>
    <UnitTestResult executionId="f0578a66-e253-4f33-856e-b88f79724052" testId="d3189437-ff73-a2a2-50ae-5efca9130b12" testName="MaTrậnKiểmThửId_Tieu_De(&quot;AUTO-074&quot;,&quot;Admin export đủ collection&quot;,null)" computerName="MSI" duration="00:00:00.0107860" startTime="2026-06-08T21:09:08.2535204+07:00" endTime="2026-06-08T21:09:08.2643058+07:00" testType="13cdc9d9-ddb5-4fa4-a97d-d965ccfc6d4b" outcome="Passed" testListId="8c84fa94-04c1-424b-9868-57a2d4851a1d" relativeResultsDirectory="f0578a66-e253-4f33-856e-b88f79724052">
      <Output>
        <StdOut>Given backend dang san sang&#xD;
-&gt; done: CommonSteps.GivenBackendDangSanSang() (0.0s)&#xD;
And he thong du lieu demo duoc reset&#xD;
-&gt; done: CommonSteps.GivenHeThongDuLieuDemoDuocReset() (0.0s)&#xD;
When tôi chạy testcase tự động "AUTO-074"&#xD;
-&gt; done: MatrixSteps.WhenToiChayTestcaseTuDong("AUTO-074") (0.0s)&#xD;
Then testcase "AUTO-074" đạt yêu cầu&#xD;
-&gt; done: MatrixSteps.ThenTestcaseDatYeuCau("AUTO-074") (0.0s)</StdOut>
      </Output>
    </UnitTestResult>
    <UnitTestResult executionId="1cb3b17e-8a52-4b00-b23a-f343373dc5bf" testId="0727e496-0ae0-403b-5d9f-da10bfa574bc" testName="MaTrậnKiểmThửId_Tieu_De(&quot;AUTO-023&quot;,&quot;Không xóa bàn có hóa đơn mở&quot;,null)" computerName="MSI" duration="00:00:00.0383020" startTime="2026-06-08T21:09:07.5697974+07:00" endTime="2026-06-08T21:09:07.6080992+07:00" testType="13cdc9d9-ddb5-4fa4-a97d-d965ccfc6d4b" outcome="Passed" testListId="8c84fa94-04c1-424b-9868-57a2d4851a1d" relativeResultsDirectory="1cb3b17e-8a52-4b00-b23a-f343373dc5bf">
      <Output>
        <StdOut>Given backend dang san sang&#xD;
-&gt; done: CommonSteps.GivenBackendDangSanSang() (0.0s)&#xD;
And he thong du lieu demo duoc reset&#xD;
-&gt; done: CommonSteps.GivenHeThongDuLieuDemoDuocReset() (0.0s)&#xD;
When tôi chạy testcase tự động "AUTO-023"&#xD;
-&gt; done: MatrixSteps.WhenToiChayTestcaseTuDong("AUTO-023") (0.0s)&#xD;
Then testcase "AUTO-023" đạt yêu cầu&#xD;
-&gt; done: MatrixSteps.ThenTestcaseDatYeuCau("AUTO-023") (0.0s)</StdOut>
      </Output>
    </UnitTestResult>
    <UnitTestResult executionId="278dc3ff-0348-4944-a87c-36c61ca2bb12" testId="a7e37bc3-a4b1-3a0e-ad06-262babd1d75b" testName="MaTrậnKiểmThửId_Tieu_De(&quot;AUTO-050&quot;,&quot;Thanh toán hết công nợ&quot;,null)" computerName="MSI" duration="00:00:00.0108010" startTime="2026-06-08T21:09:08.0112859+07:00" endTime="2026-06-08T21:09:08.0220866+07:00" testType="13cdc9d9-ddb5-4fa4-a97d-d965ccfc6d4b" outcome="Passed" testListId="8c84fa94-04c1-424b-9868-57a2d4851a1d" relativeResultsDirectory="278dc3ff-0348-4944-a87c-36c61ca2bb12">
      <Output>
        <StdOut>Given backend dang san sang&#xD;
-&gt; done: CommonSteps.GivenBackendDangSanSang() (0.0s)&#xD;
And he thong du lieu demo duoc reset&#xD;
-&gt; done: CommonSteps.GivenHeThongDuLieuDemoDuocReset() (0.0s)&#xD;
When tôi chạy testcase tự động "AUTO-050"&#xD;
-&gt; done: MatrixSteps.WhenToiChayTestcaseTuDong("AUTO-050") (0.0s)&#xD;
Then testcase "AUTO-050" đạt yêu cầu&#xD;
-&gt; done: MatrixSteps.ThenTestcaseDatYeuCau("AUTO-050") (0.0s)</StdOut>
      </Output>
    </UnitTestResult>
    <UnitTestResult executionId="508c752c-d6f2-4840-9a00-678249f2ee4e" testId="dea141bc-200c-65d4-2d9e-f5509f9b41c0" testName="KhachHangReloadResponsiveVaDangXuat" computerName="MSI" duration="00:00:03.5666440" startTime="2026-06-08T21:08:51.4497897+07:00" endTime="2026-06-08T21:08:55.0164332+07:00" testType="13cdc9d9-ddb5-4fa4-a97d-d965ccfc6d4b" outcome="Passed" testListId="8c84fa94-04c1-424b-9868-57a2d4851a1d" relativeResultsDirectory="508c752c-d6f2-4840-9a00-678249f2ee4e">
      <Output>
        <StdOut>Given backend dang san sang&#xD;
-&gt; done: CommonSteps.GivenBackendDangSanSang() (0.0s)&#xD;
And he thong du lieu demo duoc reset&#xD;
-&gt; done: CommonSteps.GivenHeThongDuLieuDemoDuocReset() (0.0s)&#xD;
Given toi mo web "customer"&#xD;
-&gt; done: CommonSteps.GivenToiMoWeb("customer") (2.2s)&#xD;
When toi dang nhap khach hang voi tai khoan "customer001" mat khau "123"&#xD;
-&gt; done: CustomerSteps.WhenToiDangNhapKhachHang("customer001", "123") (0.3s)&#xD;
Then khong gian khach hang duoc hien thi&#xD;
-&gt; done: CustomerSteps.ThenKhongGianKhachHangDuocHienThi() (0.2s)&#xD;
When toi doi viewport khach hang thanh 390 x 844 va tai lai&#xD;
-&gt; done: CustomerSteps.WhenToiDoiViewportKhachHangThanhVaTaiLai(390, 844) (0.6s)&#xD;
Then khong gian khach hang duoc hien thi&#xD;
-&gt; done: CustomerSteps.ThenKhongGianKhachHangDuocHienThi() (0.0s)&#xD;
When toi dang xuat khach hang&#xD;
-&gt; done: CustomerSteps.WhenToiDangXuatKhachHang() (0.1s)&#xD;
Then trinh duyet dang o giao dien dang nhap khach hang&#xD;
-&gt; done: CommonSteps.ThenTrinhDuyetDangOGiaoDienDangNhapKhachHang() (0.0s)&#xD;
And session khach hang duoc xoa&#xD;
-&gt; done: CustomerSteps.ThenSessionKhachHangDuocXoa() (0.0s)</StdOut>
      </Output>
    </UnitTestResult>
    <UnitTestResult executionId="fafabe80-eabf-44f3-b277-bc3c2d84374f" testId="1f23541f-974a-d09b-c531-d138d7cd6439" testName="MaTrậnKiểmThửId_Tieu_De(&quot;AUTO-025&quot;,&quot;Hóa đơn mở gắn activeOrderId vào bàn&quot;,null)" computerName="MSI" duration="00:00:00.0201820" startTime="2026-06-08T21:09:07.6167727+07:00" endTime="2026-06-08T21:09:07.6369543+07:00" testType="13cdc9d9-ddb5-4fa4-a97d-d965ccfc6d4b" outcome="Passed" testListId="8c84fa94-04c1-424b-9868-57a2d4851a1d" relativeResultsDirectory="fafabe80-eabf-44f3-b277-bc3c2d84374f">
      <Output>
        <StdOut>Given backend dang san sang&#xD;
-&gt; done: CommonSteps.GivenBackendDangSanSang() (0.0s)&#xD;
And he thong du lieu demo duoc reset&#xD;
-&gt; done: CommonSteps.GivenHeThongDuLieuDemoDuocReset() (0.0s)&#xD;
When tôi chạy testcase tự động "AUTO-025"&#xD;
-&gt; done: MatrixSteps.WhenToiChayTestcaseTuDong("AUTO-025") (0.0s)&#xD;
Then testcase "AUTO-025" đạt yêu cầu&#xD;
-&gt; done: MatrixSteps.ThenTestcaseDatYeuCau("AUTO-025") (0.0s)</StdOut>
      </Output>
    </UnitTestResult>
    <UnitTestResult executionId="252e3248-fa69-435e-8509-1f63a8d532f2" testId="47854e6f-60f5-8801-6ba1-4784bb3bc1e2" testName="MaTrậnKiểmThửId_Tieu_De(&quot;AUTO-071&quot;,&quot;Thống kê năm&quot;,null)" computerName="MSI" duration="00:00:00.0075610" startTime="2026-06-08T21:09:08.2278008+07:00" endTime="2026-06-08T21:09:08.2353613+07:00" testType="13cdc9d9-ddb5-4fa4-a97d-d965ccfc6d4b" outcome="Passed" testListId="8c84fa94-04c1-424b-9868-57a2d4851a1d" relativeResultsDirectory="252e3248-fa69-435e-8509-1f63a8d532f2">
      <Output>
        <StdOut>Given backend dang san sang&#xD;
-&gt; done: CommonSteps.GivenBackendDangSanSang() (0.0s)&#xD;
And he thong du lieu demo duoc reset&#xD;
-&gt; done: CommonSteps.GivenHeThongDuLieuDemoDuocReset() (0.0s)&#xD;
When tôi chạy testcase tự động "AUTO-071"&#xD;
-&gt; done: MatrixSteps.WhenToiChayTestcaseTuDong("AUTO-071") (0.0s)&#xD;
Then testcase "AUTO-071" đạt yêu cầu&#xD;
-&gt; done: MatrixSteps.ThenTestcaseDatYeuCau("AUTO-071") (0.0s)</StdOut>
      </Output>
    </UnitTestResult>
    <UnitTestResult executionId="a96466a8-fd54-4f7d-9f21-2cf390247b5d" testId="6194dc3b-0a9c-d0f1-a3c7-64c6ee077f8c" testName="MaTrậnKiểmThửId_Tieu_De(&quot;AUTO-016&quot;,&quot;Khách gọi thêm món vào hóa đơn mở&quot;,null)" computerName="MSI" duration="00:00:00.0248580" startTime="2026-06-08T21:09:07.4490111+07:00" endTime="2026-06-08T21:09:07.4738688+07:00" testType="13cdc9d9-ddb5-4fa4-a97d-d965ccfc6d4b" outcome="Passed" testListId="8c84fa94-04c1-424b-9868-57a2d4851a1d" relativeResultsDirectory="a96466a8-fd54-4f7d-9f21-2cf390247b5d">
      <Output>
        <StdOut>Given backend dang san sang&#xD;
-&gt; done: CommonSteps.GivenBackendDangSanSang() (0.0s)&#xD;
And he thong du lieu demo duoc reset&#xD;
-&gt; done: CommonSteps.GivenHeThongDuLieuDemoDuocReset() (0.0s)&#xD;
When tôi chạy testcase tự động "AUTO-016"&#xD;
-&gt; done: MatrixSteps.WhenToiChayTestcaseTuDong("AUTO-016") (0.0s)&#xD;
Then testcase "AUTO-016" đạt yêu cầu&#xD;
-&gt; done: MatrixSteps.ThenTestcaseDatYeuCau("AUTO-016") (0.0s)</StdOut>
      </Output>
    </UnitTestResult>
    <UnitTestResult executionId="048328e4-714e-45ea-b339-bc8952bc76e0" testId="1670523a-1def-d601-b0ca-3fdc755e9fc5" testName="MaTrậnKiểmThửId_Tieu_De(&quot;AUTO-006&quot;,&quot;Từ chối tài khoản nhân viên đã khóa&quot;,null)" computerName="MSI" duration="00:00:00.0223520" startTime="2026-06-08T21:09:07.3127558+07:00" endTime="2026-06-08T21:09:07.3351076+07:00" testType="13cdc9d9-ddb5-4fa4-a97d-d965ccfc6d4b" outcome="Passed" testListId="8c84fa94-04c1-424b-9868-57a2d4851a1d" relativeResultsDirectory="048328e4-714e-45ea-b339-bc8952bc76e0">
      <Output>
        <StdOut>Given backend dang san sang&#xD;
-&gt; done: CommonSteps.GivenBackendDangSanSang() (0.0s)&#xD;
And he thong du lieu demo duoc reset&#xD;
-&gt; done: CommonSteps.GivenHeThongDuLieuDemoDuocReset() (0.0s)&#xD;
When tôi chạy testcase tự động "AUTO-006"&#xD;
-&gt; done: MatrixSteps.WhenToiChayTestcaseTuDong("AUTO-006") (0.0s)&#xD;
Then testcase "AUTO-006" đạt yêu cầu&#xD;
-&gt; done: MatrixSteps.ThenTestcaseDatYeuCau("AUTO-006") (0.0s)</StdOut>
      </Output>
    </UnitTestResult>
    <UnitTestResult executionId="e0bf1054-a4d9-423e-ad1f-4db6973bbd69" testId="68f84b0c-964c-ff1b-b09e-6f2590cae93e" testName="MaTrậnKiểmThửId_Tieu_De(&quot;AUTO-031&quot;,&quot;Ẩn món khỏi thực đơn&quot;,null)" computerName="MSI" duration="00:00:00.0161590" startTime="2026-06-08T21:09:07.6943659+07:00" endTime="2026-06-08T21:09:07.7105247+07:00" testType="13cdc9d9-ddb5-4fa4-a97d-d965ccfc6d4b" outcome="Passed" testListId="8c84fa94-04c1-424b-9868-57a2d4851a1d" relativeResultsDirectory="e0bf1054-a4d9-423e-ad1f-4db6973bbd69">
      <Output>
        <StdOut>Given backend dang san sang&#xD;
-&gt; done: CommonSteps.GivenBackendDangSanSang() (0.0s)&#xD;
And he thong du lieu demo duoc reset&#xD;
-&gt; done: CommonSteps.GivenHeThongDuLieuDemoDuocReset() (0.0s)&#xD;
When tôi chạy testcase tự động "AUTO-031"&#xD;
-&gt; done: MatrixSteps.WhenToiChayTestcaseTuDong("AUTO-031") (0.0s)&#xD;
Then testcase "AUTO-031" đạt yêu cầu&#xD;
-&gt; done: MatrixSteps.ThenTestcaseDatYeuCau("AUTO-031") (0.0s)</StdOut>
      </Output>
    </UnitTestResult>
    <UnitTestResult executionId="4d9497da-1e06-4b4a-a6e7-f9335cb5da99" testId="62377c03-359f-32c7-4cc6-85d3e28c9157" testName="MaTrậnKiểmThửId_Tieu_De(&quot;AUTO-075&quot;,&quot;Admin reset khôi phục seed&quot;,null)" computerName="MSI" duration="00:00:00.0160250" startTime="2026-06-08T21:09:08.2643395+07:00" endTime="2026-06-08T21:09:08.2803636+07:00" testType="13cdc9d9-ddb5-4fa4-a97d-d965ccfc6d4b" outcome="Passed" testListId="8c84fa94-04c1-424b-9868-57a2d4851a1d" relativeResultsDirectory="4d9497da-1e06-4b4a-a6e7-f9335cb5da99">
      <Output>
        <StdOut>Given backend dang san sang&#xD;
-&gt; done: CommonSteps.GivenBackendDangSanSang() (0.0s)&#xD;
And he thong du lieu demo duoc reset&#xD;
-&gt; done: CommonSteps.GivenHeThongDuLieuDemoDuocReset() (0.0s)&#xD;
When tôi chạy testcase tự động "AUTO-075"&#xD;
-&gt; done: MatrixSteps.WhenToiChayTestcaseTuDong("AUTO-075") (0.0s)&#xD;
Then testcase "AUTO-075" đạt yêu cầu&#xD;
-&gt; done: MatrixSteps.ThenTestcaseDatYeuCau("AUTO-075") (0.0s)</StdOut>
      </Output>
    </UnitTestResult>
    <UnitTestResult executionId="41c0be24-676b-47ed-8a1b-9341365b1b2f" testId="07a7fda4-2649-43bc-9902-434ac2bf253f" testName="MaTrậnKiểmThửId_Tieu_De(&quot;AUTO-018&quot;,&quot;Khách xem lịch sử hóa đơn đã thanh toán&quot;,null)" computerName="MSI" duration="00:00:00.0168220" startTime="2026-06-08T21:09:07.4885862+07:00" endTime="2026-06-08T21:09:07.5054074+07:00" testType="13cdc9d9-ddb5-4fa4-a97d-d965ccfc6d4b" outcome="Passed" testListId="8c84fa94-04c1-424b-9868-57a2d4851a1d" relativeResultsDirectory="41c0be24-676b-47ed-8a1b-9341365b1b2f">
      <Output>
        <StdOut>Given backend dang san sang&#xD;
-&gt; done: CommonSteps.GivenBackendDangSanSang() (0.0s)&#xD;
And he thong du lieu demo duoc reset&#xD;
-&gt; done: CommonSteps.GivenHeThongDuLieuDemoDuocReset() (0.0s)&#xD;
When tôi chạy testcase tự động "AUTO-018"&#xD;
-&gt; done: MatrixSteps.WhenToiChayTestcaseTuDong("AUTO-018") (0.0s)&#xD;
Then testcase "AUTO-018" đạt yêu cầu&#xD;
-&gt; done: MatrixSteps.ThenTestcaseDatYeuCau("AUTO-018") (0.0s)</StdOut>
      </Output>
    </UnitTestResult>
    <UnitTestResult executionId="763ee00d-0f6b-4250-989d-771e4631b7b8" testId="58248b71-001d-44a9-98bd-1dad04e29b90" testName="MaTrậnKiểmThửId_Tieu_De(&quot;AUTO-051&quot;,&quot;Công nợ không tồn tại trả lỗi&quot;,null)" computerName="MSI" duration="00:00:00.0087540" startTime="2026-06-08T21:09:08.0221266+07:00" endTime="2026-06-08T21:09:08.0308800+07:00" testType="13cdc9d9-ddb5-4fa4-a97d-d965ccfc6d4b" outcome="Passed" testListId="8c84fa94-04c1-424b-9868-57a2d4851a1d" relativeResultsDirectory="763ee00d-0f6b-4250-989d-771e4631b7b8">
      <Output>
        <StdOut>Given backend dang san sang&#xD;
-&gt; done: CommonSteps.GivenBackendDangSanSang() (0.0s)&#xD;
And he thong du lieu demo duoc reset&#xD;
-&gt; done: CommonSteps.GivenHeThongDuLieuDemoDuocReset() (0.0s)&#xD;
When tôi chạy testcase tự động "AUTO-051"&#xD;
-&gt; done: MatrixSteps.WhenToiChayTestcaseTuDong("AUTO-051") (0.0s)&#xD;
Then testcase "AUTO-051" đạt yêu cầu&#xD;
-&gt; done: MatrixSteps.ThenTestcaseDatYeuCau("AUTO-051") (0.0s)</StdOut>
      </Output>
    </UnitTestResult>
    <UnitTestResult executionId="c45a0486-9b05-4585-8d32-d5080d344271" testId="6a8540b3-15ac-e9dc-3099-8be1fb91c363" testName="MaTrậnKiểmThửId_Tieu_De(&quot;AUTO-015&quot;,&quot;Khách tạo hóa đơn web&quot;,null)" computerName="MSI" duration="00:00:00.0154040" startTime="2026-06-08T21:09:07.4335603+07:00" endTime="2026-06-08T21:09:07.4489634+07:00" testType="13cdc9d9-ddb5-4fa4-a97d-d965ccfc6d4b" outcome="Passed" testListId="8c84fa94-04c1-424b-9868-57a2d4851a1d" relativeResultsDirectory="c45a0486-9b05-4585-8d32-d5080d344271">
      <Output>
        <StdOut>Given backend dang san sang&#xD;
-&gt; done: CommonSteps.GivenBackendDangSanSang() (0.0s)&#xD;
And he thong du lieu demo duoc reset&#xD;
-&gt; done: CommonSteps.GivenHeThongDuLieuDemoDuocReset() (0.0s)&#xD;
When tôi chạy testcase tự động "AUTO-015"&#xD;
-&gt; done: MatrixSteps.WhenToiChayTestcaseTuDong("AUTO-015") (0.0s)&#xD;
Then testcase "AUTO-015" đạt yêu cầu&#xD;
-&gt; done: MatrixSteps.ThenTestcaseDatYeuCau("AUTO-015") (0.0s)</StdOut>
      </Output>
    </UnitTestResult>
    <UnitTestResult executionId="8e2c837f-48ed-4a50-a02c-bb14130434b1" testId="14913f17-c840-c6a7-bb77-903e7c7567c5" testName="NhanVienThanhToanHoaDon" computerName="MSI" duration="00:00:12.9233420" startTime="2026-06-08T21:10:07.6402376+07:00" endTime="2026-06-08T21:10:20.5635797+07:00" testType="13cdc9d9-ddb5-4fa4-a97d-d965ccfc6d4b" outcome="Passed" testListId="8c84fa94-04c1-424b-9868-57a2d4851a1d" relativeResultsDirectory="8e2c837f-48ed-4a50-a02c-bb14130434b1">
      <Output>
        <StdOut>Given backend dang san sang&#xD;
-&gt; done: CommonSteps.GivenBackendDangSanSang() (0.0s)&#xD;
And he thong du lieu demo duoc reset&#xD;
-&gt; done: CommonSteps.GivenHeThongDuLieuDemoDuocReset() (0.0s)&#xD;
Given backend co hoa don mo cua staff tai ban 7&#xD;
-&gt; done: StaffSteps.GivenBackendCoHoaDonMoCuaStaffTaiBan(7) (0.0s)&#xD;
When toi dang nhap web Flutter "staff" voi tai khoan "staff" mat khau "123"&#xD;
-&gt; done: CommonSteps.WhenToiDangNhapWebFlutter("staff", "staff", "123") (6.6s)&#xD;
And staff thanh toan hoa don hien tai&#xD;
-&gt; done: StaffSteps.WhenStaffThanhToanHoaDonHienTai() (6.1s)&#xD;
Then backend ghi nhan hoa don hien tai co trang thai "paid"&#xD;
-&gt; done: StaffSteps.ThenBackendGhiNhanHoaDonHienTaiCoTrangThai("paid") (0.0s)</StdOut>
      </Output>
    </UnitTestResult>
    <UnitTestResult executionId="590d3878-1db8-4454-911c-b91a160417cf" testId="7ed1db6c-957f-cd99-14b7-0e8eafe13659" testName="KhachHangDangNhapSaiMatKhau" computerName="MSI" duration="00:00:03.3196960" startTime="2026-06-08T21:08:36.7986443+07:00" endTime="2026-06-08T21:08:40.1183394+07:00" testType="13cdc9d9-ddb5-4fa4-a97d-d965ccfc6d4b" outcome="Passed" testListId="8c84fa94-04c1-424b-9868-57a2d4851a1d" relativeResultsDirectory="590d3878-1db8-4454-911c-b91a160417cf">
      <Output>
        <StdOut>Given backend dang san sang&#xD;
-&gt; done: CommonSteps.GivenBackendDangSanSang() (0.0s)&#xD;
And he thong du lieu demo duoc reset&#xD;
-&gt; done: CommonSteps.GivenHeThongDuLieuDemoDuocReset() (0.0s)&#xD;
Given toi mo web "customer"&#xD;
-&gt; done: CommonSteps.GivenToiMoWeb("customer") (2.4s)&#xD;
When toi dang nhap khach hang voi tai khoan "customer001" mat khau "wrong-password"&#xD;
-&gt; done: CustomerSteps.WhenToiDangNhapKhachHang("customer001", "wrong-password") (0.3s)&#xD;
Then loi dang nhap khach hang hien "Sai tai khoan khach hang hoac mat khau"&#xD;
-&gt; done: CustomerSteps.ThenLoiDangNhapKhachHangHien("Sai tai khoan kha...") (0.0s)&#xD;
And trinh duyet dang o giao dien dang nhap khach hang&#xD;
-&gt; done: CommonSteps.ThenTrinhDuyetDangOGiaoDienDangNhapKhachHang() (0.0s)</StdOut>
      </Output>
    </UnitTestResult>
    <UnitTestResult executionId="8f3fe838-3be2-4648-857f-18a42c79598c" testId="19a4129f-8c70-e368-d00e-5370ac91fb41" testName="MaTrậnKiểmThửId_Tieu_De(&quot;AUTO-011&quot;,&quot;Danh sách đặt bàn của khách seed&quot;,null)" computerName="MSI" duration="00:00:00.0087010" startTime="2026-06-08T21:09:07.3830569+07:00" endTime="2026-06-08T21:09:07.3917574+07:00" testType="13cdc9d9-ddb5-4fa4-a97d-d965ccfc6d4b" outcome="Passed" testListId="8c84fa94-04c1-424b-9868-57a2d4851a1d" relativeResultsDirectory="8f3fe838-3be2-4648-857f-18a42c79598c">
      <Output>
        <StdOut>Given backend dang san sang&#xD;
-&gt; done: CommonSteps.GivenBackendDangSanSang() (0.0s)&#xD;
And he thong du lieu demo duoc reset&#xD;
-&gt; done: CommonSteps.GivenHeThongDuLieuDemoDuocReset() (0.0s)&#xD;
When tôi chạy testcase tự động "AUTO-011"&#xD;
-&gt; done: MatrixSteps.WhenToiChayTestcaseTuDong("AUTO-011") (0.0s)&#xD;
Then testcase "AUTO-011" đạt yêu cầu&#xD;
-&gt; done: MatrixSteps.ThenTestcaseDatYeuCau("AUTO-011") (0.0s)</StdOut>
      </Output>
    </UnitTestResult>
    <UnitTestResult executionId="717200cd-5f8c-46ba-bd75-c6bba80461e8" testId="d08368f4-ba5f-c9ce-d33b-dff269c632c1" testName="MaTrậnKiểmThửId_Tieu_De(&quot;AUTO-066&quot;,&quot;Bảng lương tháng có dữ liệu&quot;,null)" computerName="MSI" duration="00:00:00.0091410" startTime="2026-06-08T21:09:08.1813237+07:00" endTime="2026-06-08T21:09:08.1904635+07:00" testType="13cdc9d9-ddb5-4fa4-a97d-d965ccfc6d4b" outcome="Passed" testListId="8c84fa94-04c1-424b-9868-57a2d4851a1d" relativeResultsDirectory="717200cd-5f8c-46ba-bd75-c6bba80461e8">
      <Output>
        <StdOut>Given backend dang san sang&#xD;
-&gt; done: CommonSteps.GivenBackendDangSanSang() (0.0s)&#xD;
And he thong du lieu demo duoc reset&#xD;
-&gt; done: CommonSteps.GivenHeThongDuLieuDemoDuocReset() (0.0s)&#xD;
When tôi chạy testcase tự động "AUTO-066"&#xD;
-&gt; done: MatrixSteps.WhenToiChayTestcaseTuDong("AUTO-066") (0.0s)&#xD;
Then testcase "AUTO-066" đạt yêu cầu&#xD;
-&gt; done: MatrixSteps.ThenTestcaseDatYeuCau("AUTO-066") (0.0s)</StdOut>
      </Output>
    </UnitTestResult>
    <UnitTestResult executionId="080d3bd6-b0c7-4b42-84d6-adb22f72570b" testId="a0f45da1-0a0c-cdd1-7146-9bf3bef01064" testName="MaTrậnKiểmThửId_Tieu_De(&quot;AUTO-037&quot;,&quot;Lấy hóa đơn mở theo bàn&quot;,null)" computerName="MSI" duration="00:00:00.0154600" startTime="2026-06-08T21:09:07.8006716+07:00" endTime="2026-06-08T21:09:07.8161314+07:00" testType="13cdc9d9-ddb5-4fa4-a97d-d965ccfc6d4b" outcome="Passed" testListId="8c84fa94-04c1-424b-9868-57a2d4851a1d" relativeResultsDirectory="080d3bd6-b0c7-4b42-84d6-adb22f72570b">
      <Output>
        <StdOut>Given backend dang san sang&#xD;
-&gt; done: CommonSteps.GivenBackendDangSanSang() (0.0s)&#xD;
And he thong du lieu demo duoc reset&#xD;
-&gt; done: CommonSteps.GivenHeThongDuLieuDemoDuocReset() (0.0s)&#xD;
When tôi chạy testcase tự động "AUTO-037"&#xD;
-&gt; done: MatrixSteps.WhenToiChayTestcaseTuDong("AUTO-037") (0.0s)&#xD;
Then testcase "AUTO-037" đạt yêu cầu&#xD;
-&gt; done: MatrixSteps.ThenTestcaseDatYeuCau("AUTO-037") (0.0s)</StdOut>
      </Output>
    </UnitTestResult>
    <UnitTestResult executionId="62fc4a7b-ffdb-4360-9ae2-55cfd9db0bed" testId="a0e5028b-f690-f94e-d7a9-3c1e54668cb9" testName="MaTrậnKiểmThửId_Tieu_De(&quot;AUTO-082&quot;,&quot;Dashboard phản hồi dưới ngưỡng&quot;,null)" computerName="MSI" duration="00:00:00.0084120" startTime="2026-06-08T21:09:08.3329158+07:00" endTime="2026-06-08T21:09:08.3413267+07:00" testType="13cdc9d9-ddb5-4fa4-a97d-d965ccfc6d4b" outcome="Passed" testListId="8c84fa94-04c1-424b-9868-57a2d4851a1d" relativeResultsDirectory="62fc4a7b-ffdb-4360-9ae2-55cfd9db0bed">
      <Output>
        <StdOut>Given backend dang san sang&#xD;
-&gt; done: CommonSteps.GivenBackendDangSanSang() (0.0s)&#xD;
And he thong du lieu demo duoc reset&#xD;
-&gt; done: CommonSteps.GivenHeThongDuLieuDemoDuocReset() (0.0s)&#xD;
When tôi chạy testcase tự động "AUTO-082"&#xD;
-&gt; done: MatrixSteps.WhenToiChayTestcaseTuDong("AUTO-082") (0.0s)&#xD;
Then testcase "AUTO-082" đạt yêu cầu&#xD;
-&gt; done: MatrixSteps.ThenTestcaseDatYeuCau("AUTO-082") (0.0s)</StdOut>
      </Output>
    </UnitTestResult>
    <UnitTestResult executionId="8fd3cd4c-22ff-453b-b3a8-ca839005fd80" testId="c9447090-78a2-4191-5f9b-b44cbec0e5d6" testName="NhanVienGoiMonChoBanTrenGiaoDien" computerName="MSI" duration="00:00:09.3822840" startTime="2026-06-08T21:09:58.2579028+07:00" endTime="2026-06-08T21:10:07.6401863+07:00" testType="13cdc9d9-ddb5-4fa4-a97d-d965ccfc6d4b" outcome="Passed" testListId="8c84fa94-04c1-424b-9868-57a2d4851a1d" relativeResultsDirectory="8fd3cd4c-22ff-453b-b3a8-ca839005fd80">
      <Output>
        <StdOut>Given backend dang san sang&#xD;
-&gt; done: CommonSteps.GivenBackendDangSanSang() (0.0s)&#xD;
And he thong du lieu demo duoc reset&#xD;
-&gt; done: CommonSteps.GivenHeThongDuLieuDemoDuocReset() (0.0s)&#xD;
When toi dang nhap web Flutter "staff" voi tai khoan "staff" mat khau "123"&#xD;
-&gt; done: CommonSteps.WhenToiDangNhapWebFlutter("staff", "staff", "123") (6.3s)&#xD;
And staff goi mon co ma 1 cho ban 7&#xD;
-&gt; done: StaffSteps.WhenStaffGoiMonCoMaChoBan(1, 7) (2.9s)&#xD;
Then backend co hoa don staff mo tai ban 7&#xD;
-&gt; done: StaffSteps.ThenBackendCoHoaDonStaffMoTaiBan(7) (0.0s)</StdOut>
      </Output>
    </UnitTestResult>
    <UnitTestResult executionId="cb9001b1-65f0-4239-bc7e-8faa913c1971" testId="abf09b0f-fecd-eea3-01cb-a08ffe727983" testName="MaTrậnKiểmThửId_Tieu_De(&quot;AUTO-034&quot;,&quot;Không gọi được món bị ẩn&quot;,null)" computerName="MSI" duration="00:00:00.0278130" startTime="2026-06-08T21:09:07.7537370+07:00" endTime="2026-06-08T21:09:07.7815494+07:00" testType="13cdc9d9-ddb5-4fa4-a97d-d965ccfc6d4b" outcome="Passed" testListId="8c84fa94-04c1-424b-9868-57a2d4851a1d" relativeResultsDirectory="cb9001b1-65f0-4239-bc7e-8faa913c1971">
      <Output>
        <StdOut>Given backend dang san sang&#xD;
-&gt; done: CommonSteps.GivenBackendDangSanSang() (0.0s)&#xD;
And he thong du lieu demo duoc reset&#xD;
-&gt; done: CommonSteps.GivenHeThongDuLieuDemoDuocReset() (0.0s)&#xD;
When tôi chạy testcase tự động "AUTO-034"&#xD;
-&gt; done: MatrixSteps.WhenToiChayTestcaseTuDong("AUTO-034") (0.0s)&#xD;
Then testcase "AUTO-034" đạt yêu cầu&#xD;
-&gt; done: MatrixSteps.ThenTestcaseDatYeuCau("AUTO-034") (0.0s)</StdOut>
      </Output>
    </UnitTestResult>
    <UnitTestResult executionId="568d36fa-0635-4e64-b539-202949aa88bd" testId="6598d63f-b0b6-223b-0e15-ee9459e76498" testName="MaTrậnKiểmThửId_Tieu_De(&quot;AUTO-014&quot;,&quot;Khách gọi món rỗng bị từ chối&quot;,null)" computerName="MSI" duration="00:00:00.0163290" startTime="2026-06-08T21:09:07.4171886+07:00" endTime="2026-06-08T21:09:07.4335173+07:00" testType="13cdc9d9-ddb5-4fa4-a97d-d965ccfc6d4b" outcome="Passed" testListId="8c84fa94-04c1-424b-9868-57a2d4851a1d" relativeResultsDirectory="568d36fa-0635-4e64-b539-202949aa88bd">
      <Output>
        <StdOut>Given backend dang san sang&#xD;
-&gt; done: CommonSteps.GivenBackendDangSanSang() (0.0s)&#xD;
And he thong du lieu demo duoc reset&#xD;
-&gt; done: CommonSteps.GivenHeThongDuLieuDemoDuocReset() (0.0s)&#xD;
When tôi chạy testcase tự động "AUTO-014"&#xD;
-&gt; done: MatrixSteps.WhenToiChayTestcaseTuDong("AUTO-014") (0.0s)&#xD;
Then testcase "AUTO-014" đạt yêu cầu&#xD;
-&gt; done: MatrixSteps.ThenTestcaseDatYeuCau("AUTO-014") (0.0s)</StdOut>
      </Output>
    </UnitTestResult>
    <UnitTestResult executionId="dee54d45-faa0-471d-b4bf-585be627cdbb" testId="dab9d893-7df3-373c-f2dd-38501f2d843e" testName="MaTrậnKiểmThửId_Tieu_De(&quot;AUTO-072&quot;,&quot;Payroll đúng tháng yêu cầu&quot;,null)" computerName="MSI" duration="00:00:00.0094560" startTime="2026-06-08T21:09:08.2354021+07:00" endTime="2026-06-08T21:09:08.2448578+07:00" testType="13cdc9d9-ddb5-4fa4-a97d-d965ccfc6d4b" outcome="Passed" testListId="8c84fa94-04c1-424b-9868-57a2d4851a1d" relativeResultsDirectory="dee54d45-faa0-471d-b4bf-585be627cdbb">
      <Output>
        <StdOut>Given backend dang san sang&#xD;
-&gt; done: CommonSteps.GivenBackendDangSanSang() (0.0s)&#xD;
And he thong du lieu demo duoc reset&#xD;
-&gt; done: CommonSteps.GivenHeThongDuLieuDemoDuocReset() (0.0s)&#xD;
When tôi chạy testcase tự động "AUTO-072"&#xD;
-&gt; done: MatrixSteps.WhenToiChayTestcaseTuDong("AUTO-072") (0.0s)&#xD;
Then testcase "AUTO-072" đạt yêu cầu&#xD;
-&gt; done: MatrixSteps.ThenTestcaseDatYeuCau("AUTO-072") (0.0s)</StdOut>
      </Output>
    </UnitTestResult>
    <UnitTestResult executionId="c058150a-0033-4fe5-90cc-9498adf92d7d" testId="fedefc57-a833-cac6-0110-482559346fe4" testName="MaTrậnKiểmThửId_Tieu_De(&quot;AUTO-064&quot;,&quot;Check-out nhân viên&quot;,null)" computerName="MSI" duration="00:00:00.0180130" startTime="2026-06-08T21:09:08.1547965+07:00" endTime="2026-06-08T21:09:08.1728094+07:00" testType="13cdc9d9-ddb5-4fa4-a97d-d965ccfc6d4b" outcome="Passed" testListId="8c84fa94-04c1-424b-9868-57a2d4851a1d" relativeResultsDirectory="c058150a-0033-4fe5-90cc-9498adf92d7d">
      <Output>
        <StdOut>Given backend dang san sang&#xD;
-&gt; done: CommonSteps.GivenBackendDangSanSang() (0.0s)&#xD;
And he thong du lieu demo duoc reset&#xD;
-&gt; done: CommonSteps.GivenHeThongDuLieuDemoDuocReset() (0.0s)&#xD;
When tôi chạy testcase tự động "AUTO-064"&#xD;
-&gt; done: MatrixSteps.WhenToiChayTestcaseTuDong("AUTO-064") (0.0s)&#xD;
Then testcase "AUTO-064" đạt yêu cầu&#xD;
-&gt; done: MatrixSteps.ThenTestcaseDatYeuCau("AUTO-064") (0.0s)</StdOut>
      </Output>
    </UnitTestResult>
    <UnitTestResult executionId="0a6bf8ff-6931-43c0-b031-144e77754d60" testId="83277d17-be54-9236-a81c-7d328af379ac" testName="MaTrậnKiểmThửId_Tieu_De(&quot;AUTO-042&quot;,&quot;Số lượng bằng 0 xóa dòng món&quot;,null)" computerName="MSI" duration="00:00:00.0216410" startTime="2026-06-08T21:09:07.8785978+07:00" endTime="2026-06-08T21:09:07.9002388+07:00" testType="13cdc9d9-ddb5-4fa4-a97d-d965ccfc6d4b" outcome="Passed" testListId="8c84fa94-04c1-424b-9868-57a2d4851a1d" relativeResultsDirectory="0a6bf8ff-6931-43c0-b031-144e77754d60">
      <Output>
        <StdOut>Given backend dang san sang&#xD;
-&gt; done: CommonSteps.GivenBackendDangSanSang() (0.0s)&#xD;
And he thong du lieu demo duoc reset&#xD;
-&gt; done: CommonSteps.GivenHeThongDuLieuDemoDuocReset() (0.0s)&#xD;
When tôi chạy testcase tự động "AUTO-042"&#xD;
-&gt; done: MatrixSteps.WhenToiChayTestcaseTuDong("AUTO-042") (0.0s)&#xD;
Then testcase "AUTO-042" đạt yêu cầu&#xD;
-&gt; done: MatrixSteps.ThenTestcaseDatYeuCau("AUTO-042") (0.0s)</StdOut>
      </Output>
    </UnitTestResult>
    <UnitTestResult executionId="26a8f6dd-0804-4dad-8a07-63e7c83cd899" testId="f16c099d-dea2-5dd5-7701-96b4627a9822" testName="MaTrậnKiểmThửId_Tieu_De(&quot;AUTO-047&quot;,&quot;Danh sách công nợ seed&quot;,null)" computerName="MSI" duration="00:00:00.0078650" startTime="2026-06-08T21:09:07.9862372+07:00" endTime="2026-06-08T21:09:07.9941018+07:00" testType="13cdc9d9-ddb5-4fa4-a97d-d965ccfc6d4b" outcome="Passed" testListId="8c84fa94-04c1-424b-9868-57a2d4851a1d" relativeResultsDirectory="26a8f6dd-0804-4dad-8a07-63e7c83cd899">
      <Output>
        <StdOut>Given backend dang san sang&#xD;
-&gt; done: CommonSteps.GivenBackendDangSanSang() (0.0s)&#xD;
And he thong du lieu demo duoc reset&#xD;
-&gt; done: CommonSteps.GivenHeThongDuLieuDemoDuocReset() (0.0s)&#xD;
When tôi chạy testcase tự động "AUTO-047"&#xD;
-&gt; done: MatrixSteps.WhenToiChayTestcaseTuDong("AUTO-047") (0.0s)&#xD;
Then testcase "AUTO-047" đạt yêu cầu&#xD;
-&gt; done: MatrixSteps.ThenTestcaseDatYeuCau("AUTO-047") (0.0s)</StdOut>
      </Output>
    </UnitTestResult>
    <UnitTestResult executionId="e0c78ba5-21c7-41fb-b254-ce354aeb48ee" testId="569320b4-e2f7-6bd9-0297-75141b62437b" testName="MaTrậnKiểmThửId_Tieu_De(&quot;AUTO-046&quot;,&quot;Lọc hóa đơn đã thanh toán&quot;,null)" computerName="MSI" duration="00:00:00.0265960" startTime="2026-06-08T21:09:07.9596098+07:00" endTime="2026-06-08T21:09:07.9862053+07:00" testType="13cdc9d9-ddb5-4fa4-a97d-d965ccfc6d4b" outcome="Passed" testListId="8c84fa94-04c1-424b-9868-57a2d4851a1d" relativeResultsDirectory="e0c78ba5-21c7-41fb-b254-ce354aeb48ee">
      <Output>
        <StdOut>Given backend dang san sang&#xD;
-&gt; done: CommonSteps.GivenBackendDangSanSang() (0.0s)&#xD;
And he thong du lieu demo duoc reset&#xD;
-&gt; done: CommonSteps.GivenHeThongDuLieuDemoDuocReset() (0.0s)&#xD;
When tôi chạy testcase tự động "AUTO-046"&#xD;
-&gt; done: MatrixSteps.WhenToiChayTestcaseTuDong("AUTO-046") (0.0s)&#xD;
Then testcase "AUTO-046" đạt yêu cầu&#xD;
-&gt; done: MatrixSteps.ThenTestcaseDatYeuCau("AUTO-046") (0.0s)</StdOut>
      </Output>
    </UnitTestResult>
    <UnitTestResult executionId="1bc98051-40d2-4a3d-b02f-05b1d51e6501" testId="cf07df29-f96a-0e90-0d75-d4786d9bb02f" testName="MaTrậnKiểmThửId_Tieu_De(&quot;AUTO-020&quot;,&quot;Tạo bàn mới&quot;,null)" computerName="MSI" duration="00:00:00.0098760" startTime="2026-06-08T21:09:07.5148200+07:00" endTime="2026-06-08T21:09:07.5246960+07:00" testType="13cdc9d9-ddb5-4fa4-a97d-d965ccfc6d4b" outcome="Passed" testListId="8c84fa94-04c1-424b-9868-57a2d4851a1d" relativeResultsDirectory="1bc98051-40d2-4a3d-b02f-05b1d51e6501">
      <Output>
        <StdOut>Given backend dang san sang&#xD;
-&gt; done: CommonSteps.GivenBackendDangSanSang() (0.0s)&#xD;
And he thong du lieu demo duoc reset&#xD;
-&gt; done: CommonSteps.GivenHeThongDuLieuDemoDuocReset() (0.0s)&#xD;
When tôi chạy testcase tự động "AUTO-020"&#xD;
-&gt; done: MatrixSteps.WhenToiChayTestcaseTuDong("AUTO-020") (0.0s)&#xD;
Then testcase "AUTO-020" đạt yêu cầu&#xD;
-&gt; done: MatrixSteps.ThenTestcaseDatYeuCau("AUTO-020") (0.0s)</StdOut>
      </Output>
    </UnitTestResult>
    <UnitTestResult executionId="daf3791c-f857-4b71-955d-443b56238886" testId="0191fde6-2e9a-4314-bd41-681b7cd4c7c5" testName="MaTrậnKiểmThửId_Tieu_De(&quot;AUTO-024&quot;,&quot;Bao phủ trạng thái bàn&quot;,null)" computerName="MSI" duration="00:00:00.0085920" startTime="2026-06-08T21:09:07.6081421+07:00" endTime="2026-06-08T21:09:07.6167337+07:00" testType="13cdc9d9-ddb5-4fa4-a97d-d965ccfc6d4b" outcome="Passed" testListId="8c84fa94-04c1-424b-9868-57a2d4851a1d" relativeResultsDirectory="daf3791c-f857-4b71-955d-443b56238886">
      <Output>
        <StdOut>Given backend dang san sang&#xD;
-&gt; done: CommonSteps.GivenBackendDangSanSang() (0.0s)&#xD;
And he thong du lieu demo duoc reset&#xD;
-&gt; done: CommonSteps.GivenHeThongDuLieuDemoDuocReset() (0.0s)&#xD;
When tôi chạy testcase tự động "AUTO-024"&#xD;
-&gt; done: MatrixSteps.WhenToiChayTestcaseTuDong("AUTO-024") (0.0s)&#xD;
Then testcase "AUTO-024" đạt yêu cầu&#xD;
-&gt; done: MatrixSteps.ThenTestcaseDatYeuCau("AUTO-024") (0.0s)</StdOut>
      </Output>
    </UnitTestResult>
    <UnitTestResult executionId="af29bc34-d0b8-476f-96a3-1aadccb70678" testId="6d702e3f-fb1f-2b23-0d42-ccffb6d58866" testName="MaTrậnKiểmThửId_Tieu_De(&quot;AUTO-002&quot;,&quot;Đăng nhập admin hợp lệ&quot;,null)" computerName="MSI" duration="00:00:00.0104350" startTime="2026-06-08T21:09:07.2730579+07:00" endTime="2026-06-08T21:09:07.2834927+07:00" testType="13cdc9d9-ddb5-4fa4-a97d-d965ccfc6d4b" outcome="Passed" testListId="8c84fa94-04c1-424b-9868-57a2d4851a1d" relativeResultsDirectory="af29bc34-d0b8-476f-96a3-1aadccb70678">
      <Output>
        <StdOut>Given backend dang san sang&#xD;
-&gt; done: CommonSteps.GivenBackendDangSanSang() (0.0s)&#xD;
And he thong du lieu demo duoc reset&#xD;
-&gt; done: CommonSteps.GivenHeThongDuLieuDemoDuocReset() (0.0s)&#xD;
When tôi chạy testcase tự động "AUTO-002"&#xD;
-&gt; done: MatrixSteps.WhenToiChayTestcaseTuDong("AUTO-002") (0.0s)&#xD;
Then testcase "AUTO-002" đạt yêu cầu&#xD;
-&gt; done: MatrixSteps.ThenTestcaseDatYeuCau("AUTO-002") (0.0s)</StdOut>
      </Output>
    </UnitTestResult>
    <UnitTestResult executionId="fe4458d5-5f2f-456e-9a1a-416cf23d66b0" testId="49fe63d1-8ea4-d170-563c-e2c233edba35" testName="MaTrậnKiểmThửId_Tieu_De(&quot;AUTO-041&quot;,&quot;Cập nhật số lượng món&quot;,null)" computerName="MSI" duration="00:00:00.0255030" startTime="2026-06-08T21:09:07.8530359+07:00" endTime="2026-06-08T21:09:07.8785388+07:00" testType="13cdc9d9-ddb5-4fa4-a97d-d965ccfc6d4b" outcome="Passed" testListId="8c84fa94-04c1-424b-9868-57a2d4851a1d" relativeResultsDirectory="fe4458d5-5f2f-456e-9a1a-416cf23d66b0">
      <Output>
        <StdOut>Given backend dang san sang&#xD;
-&gt; done: CommonSteps.GivenBackendDangSanSang() (0.0s)&#xD;
And he thong du lieu demo duoc reset&#xD;
-&gt; done: CommonSteps.GivenHeThongDuLieuDemoDuocReset() (0.0s)&#xD;
When tôi chạy testcase tự động "AUTO-041"&#xD;
-&gt; done: MatrixSteps.WhenToiChayTestcaseTuDong("AUTO-041") (0.0s)&#xD;
Then testcase "AUTO-041" đạt yêu cầu&#xD;
-&gt; done: MatrixSteps.ThenTestcaseDatYeuCau("AUTO-041") (0.0s)</StdOut>
      </Output>
    </UnitTestResult>
    <UnitTestResult executionId="035a42c7-0384-4a8d-8a5d-a22badbf7456" testId="9cb3fdeb-c0ab-98fb-35a1-661129977e04" testName="MaTrậnKiểmThửId_Tieu_De(&quot;AUTO-003&quot;,&quot;Đăng nhập khách hàng hợp lệ&quot;,null)" computerName="MSI" duration="00:00:00.0117950" startTime="2026-06-08T21:09:07.2835355+07:00" endTime="2026-06-08T21:09:07.2953300+07:00" testType="13cdc9d9-ddb5-4fa4-a97d-d965ccfc6d4b" outcome="Passed" testListId="8c84fa94-04c1-424b-9868-57a2d4851a1d" relativeResultsDirectory="035a42c7-0384-4a8d-8a5d-a22badbf7456">
      <Output>
        <StdOut>Given backend dang san sang&#xD;
-&gt; done: CommonSteps.GivenBackendDangSanSang() (0.0s)&#xD;
And he thong du lieu demo duoc reset&#xD;
-&gt; done: CommonSteps.GivenHeThongDuLieuDemoDuocReset() (0.0s)&#xD;
When tôi chạy testcase tự động "AUTO-003"&#xD;
-&gt; done: MatrixSteps.WhenToiChayTestcaseTuDong("AUTO-003") (0.0s)&#xD;
Then testcase "AUTO-003" đạt yêu cầu&#xD;
-&gt; done: MatrixSteps.ThenTestcaseDatYeuCau("AUTO-003") (0.0s)</StdOut>
      </Output>
    </UnitTestResult>
    <UnitTestResult executionId="28795061-b286-426a-aea5-e89db6470763" testId="7af04963-be65-b53c-93a3-52083964a813" testName="MaTrậnKiểmThửId_Tieu_De(&quot;AUTO-054&quot;,&quot;Tạo nhân viên kèm tài khoản&quot;,null)" computerName="MSI" duration="00:00:00.0083490" startTime="2026-06-08T21:09:08.0418255+07:00" endTime="2026-06-08T21:09:08.0501738+07:00" testType="13cdc9d9-ddb5-4fa4-a97d-d965ccfc6d4b" outcome="Passed" testListId="8c84fa94-04c1-424b-9868-57a2d4851a1d" relativeResultsDirectory="28795061-b286-426a-aea5-e89db6470763">
      <Output>
        <StdOut>Given backend dang san sang&#xD;
-&gt; done: CommonSteps.GivenBackendDangSanSang() (0.0s)&#xD;
And he thong du lieu demo duoc reset&#xD;
-&gt; done: CommonSteps.GivenHeThongDuLieuDemoDuocReset() (0.0s)&#xD;
When tôi chạy testcase tự động "AUTO-054"&#xD;
-&gt; done: MatrixSteps.WhenToiChayTestcaseTuDong("AUTO-054") (0.0s)&#xD;
Then testcase "AUTO-054" đạt yêu cầu&#xD;
-&gt; done: MatrixSteps.ThenTestcaseDatYeuCau("AUTO-054") (0.0s)</StdOut>
      </Output>
    </UnitTestResult>
    <UnitTestResult executionId="3c17c63e-18fc-440e-a95c-a7e71858e965" testId="f96a996e-e0a7-224b-0b17-d8e065541142" testName="MaTrậnKiểmThửId_Tieu_De(&quot;AUTO-033&quot;,&quot;Món bị ẩn không hiện ở web khách&quot;,null)" computerName="MSI" duration="00:00:00.0218340" startTime="2026-06-08T21:09:07.7318447+07:00" endTime="2026-06-08T21:09:07.7536781+07:00" testType="13cdc9d9-ddb5-4fa4-a97d-d965ccfc6d4b" outcome="Passed" testListId="8c84fa94-04c1-424b-9868-57a2d4851a1d" relativeResultsDirectory="3c17c63e-18fc-440e-a95c-a7e71858e965">
      <Output>
        <StdOut>Given backend dang san sang&#xD;
-&gt; done: CommonSteps.GivenBackendDangSanSang() (0.0s)&#xD;
And he thong du lieu demo duoc reset&#xD;
-&gt; done: CommonSteps.GivenHeThongDuLieuDemoDuocReset() (0.0s)&#xD;
When tôi chạy testcase tự động "AUTO-033"&#xD;
-&gt; done: MatrixSteps.WhenToiChayTestcaseTuDong("AUTO-033") (0.0s)&#xD;
Then testcase "AUTO-033" đạt yêu cầu&#xD;
-&gt; done: MatrixSteps.ThenTestcaseDatYeuCau("AUTO-033") (0.0s)</StdOut>
      </Output>
    </UnitTestResult>
    <UnitTestResult executionId="ebfac521-0ea1-4402-b7c5-1a99633c12ea" testId="bc767616-1e25-93e8-c848-0fe540f49b3e" testName="MaTrậnKiểmThửId_Tieu_De(&quot;AUTO-081&quot;,&quot;API root sẵn sàng&quot;,null)" computerName="MSI" duration="00:00:00.0041450" startTime="2026-06-08T21:09:08.3287374+07:00" endTime="2026-06-08T21:09:08.3328821+07:00" testType="13cdc9d9-ddb5-4fa4-a97d-d965ccfc6d4b" outcome="Passed" testListId="8c84fa94-04c1-424b-9868-57a2d4851a1d" relativeResultsDirectory="ebfac521-0ea1-4402-b7c5-1a99633c12ea">
      <Output>
        <StdOut>Given backend dang san sang&#xD;
-&gt; done: CommonSteps.GivenBackendDangSanSang() (0.0s)&#xD;
And he thong du lieu demo duoc reset&#xD;
-&gt; done: CommonSteps.GivenHeThongDuLieuDemoDuocReset() (0.0s)&#xD;
When tôi chạy testcase tự động "AUTO-081"&#xD;
-&gt; done: MatrixSteps.WhenToiChayTestcaseTuDong("AUTO-081") (0.0s)&#xD;
Then testcase "AUTO-081" đạt yêu cầu&#xD;
-&gt; done: MatrixSteps.ThenTestcaseDatYeuCau("AUTO-081") (0.0s)</StdOut>
      </Output>
    </UnitTestResult>
    <UnitTestResult executionId="c8084e3e-e270-4bfe-abd0-9dc24f195b36" testId="d8d82614-f060-6253-5229-db31f01557e6" testName="MaTrậnKiểmThửId_Tieu_De(&quot;AUTO-027&quot;,&quot;Danh sách thực đơn seed có 52 món&quot;,null)" computerName="MSI" duration="00:00:00.0081590" startTime="2026-06-08T21:09:07.6517612+07:00" endTime="2026-06-08T21:09:07.6599198+07:00" testType="13cdc9d9-ddb5-4fa4-a97d-d965ccfc6d4b" outcome="Passed" testListId="8c84fa94-04c1-424b-9868-57a2d4851a1d" relativeResultsDirectory="c8084e3e-e270-4bfe-abd0-9dc24f195b36">
      <Output>
        <StdOut>Given backend dang san sang&#xD;
-&gt; done: CommonSteps.GivenBackendDangSanSang() (0.0s)&#xD;
And he thong du lieu demo duoc reset&#xD;
-&gt; done: CommonSteps.GivenHeThongDuLieuDemoDuocReset() (0.0s)&#xD;
When tôi chạy testcase tự động "AUTO-027"&#xD;
-&gt; done: MatrixSteps.WhenToiChayTestcaseTuDong("AUTO-027") (0.0s)&#xD;
Then testcase "AUTO-027" đạt yêu cầu&#xD;
-&gt; done: MatrixSteps.ThenTestcaseDatYeuCau("AUTO-027") (0.0s)</StdOut>
      </Output>
    </UnitTestResult>
    <UnitTestResult executionId="2d7f37f0-02f7-4196-b735-dc21e874d9cb" testId="6fdabb61-80bf-611c-d707-851e41f65829" testName="MaTrậnKiểmThửId_Tieu_De(&quot;AUTO-055&quot;,&quot;Username nhân viên không trùng&quot;,null)" computerName="MSI" duration="00:00:00.0089130" startTime="2026-06-08T21:09:08.0502080+07:00" endTime="2026-06-08T21:09:08.0591203+07:00" testType="13cdc9d9-ddb5-4fa4-a97d-d965ccfc6d4b" outcome="Passed" testListId="8c84fa94-04c1-424b-9868-57a2d4851a1d" relativeResultsDirectory="2d7f37f0-02f7-4196-b735-dc21e874d9cb">
      <Output>
        <StdOut>Given backend dang san sang&#xD;
-&gt; done: CommonSteps.GivenBackendDangSanSang() (0.0s)&#xD;
And he thong du lieu demo duoc reset&#xD;
-&gt; done: CommonSteps.GivenHeThongDuLieuDemoDuocReset() (0.0s)&#xD;
When tôi chạy testcase tự động "AUTO-055"&#xD;
-&gt; done: MatrixSteps.WhenToiChayTestcaseTuDong("AUTO-055") (0.0s)&#xD;
Then testcase "AUTO-055" đạt yêu cầu&#xD;
-&gt; done: MatrixSteps.ThenTestcaseDatYeuCau("AUTO-055") (0.0s)</StdOut>
      </Output>
    </UnitTestResult>
    <UnitTestResult executionId="d1517bd9-5b89-4109-b3e6-86bd0897f4aa" testId="760773e6-b53b-6981-1acc-b073a7897c73" testName="KhachHangThemMonVaGuiHoaDonMo" computerName="MSI" duration="00:00:06.6922630" startTime="2026-06-08T21:08:55.0164854+07:00" endTime="2026-06-08T21:09:01.7087479+07:00" testType="13cdc9d9-ddb5-4fa4-a97d-d965ccfc6d4b" outcome="Passed" testListId="8c84fa94-04c1-424b-9868-57a2d4851a1d" relativeResultsDirectory="d1517bd9-5b89-4109-b3e6-86bd0897f4aa">
      <Output>
        <StdOut>Given backend dang san sang&#xD;
-&gt; done: CommonSteps.GivenBackendDangSanSang() (0.0s)&#xD;
And he thong du lieu demo duoc reset&#xD;
-&gt; done: CommonSteps.GivenHeThongDuLieuDemoDuocReset() (0.0s)&#xD;
Given toi mo web "customer"&#xD;
-&gt; done: CommonSteps.GivenToiMoWeb("customer") (2.3s)&#xD;
When toi dang nhap khach hang voi tai khoan "customer001" mat khau "123"&#xD;
-&gt; done: CustomerSteps.WhenToiDangNhapKhachHang("customer001", "123") (0.3s)&#xD;
Then khong gian khach hang duoc hien thi&#xD;
-&gt; done: CustomerSteps.ThenKhongGianKhachHangDuocHienThi() (0.1s)&#xD;
When toi chon ban co ma 7&#xD;
-&gt; done: CustomerSteps.WhenToiChonBanCoMa(7) (0.1s)&#xD;
And toi them mon co ma 1 vao gio&#xD;
-&gt; done: CustomerSteps.WhenToiThemMonCoMaVaoGio(1) (1.1s)&#xD;
And toi them mon co ma 36 vao gio&#xD;
-&gt; done: CustomerSteps.WhenToiThemMonCoMaVaoGio(36) (1.1s)&#xD;
Then gio hang khach hang co "2" mon&#xD;
-&gt; done: CustomerSteps.ThenGioHangKhachHangCoMon("2") (0.0s)&#xD;
When toi gui yeu cau khach hang&#xD;
-&gt; done: CustomerSteps.WhenToiGuiYeuCauKhachHang() (1.1s)&#xD;
Then thong bao thao tac khach hang hien "Da gui mon"&#xD;
-&gt; done: CustomerSteps.ThenThongBaoThaoTacKhachHangHien("Da gui mon") (0.0s)&#xD;
And backend co hoa don mo cua khach hang 1 tai ban 7 voi 2 dong mon&#xD;
-&gt; done: CustomerSteps.ThenBackendCoHoaDonMoCuaKhachHangTaiBanVoiDongMon(1, 7, 2) (0.0s)</StdOut>
      </Output>
    </UnitTestResult>
    <UnitTestResult executionId="ec72c6dc-4bb2-436c-953e-a97d4fdea77c" testId="f0c48acd-e5b4-0c15-7fad-14978f4004b1" testName="MaTrậnKiểmThửId_Tieu_De(&quot;AUTO-068&quot;,&quot;Dashboard giới hạn dữ liệu gần đây&quot;,null)" computerName="MSI" duration="00:00:00.0095250" startTime="2026-06-08T21:09:08.1992539+07:00" endTime="2026-06-08T21:09:08.2087785+07:00" testType="13cdc9d9-ddb5-4fa4-a97d-d965ccfc6d4b" outcome="Passed" testListId="8c84fa94-04c1-424b-9868-57a2d4851a1d" relativeResultsDirectory="ec72c6dc-4bb2-436c-953e-a97d4fdea77c">
      <Output>
        <StdOut>Given backend dang san sang&#xD;
-&gt; done: CommonSteps.GivenBackendDangSanSang() (0.0s)&#xD;
And he thong du lieu demo duoc reset&#xD;
-&gt; done: CommonSteps.GivenHeThongDuLieuDemoDuocReset() (0.0s)&#xD;
When tôi chạy testcase tự động "AUTO-068"&#xD;
-&gt; done: MatrixSteps.WhenToiChayTestcaseTuDong("AUTO-068") (0.0s)&#xD;
Then testcase "AUTO-068" đạt yêu cầu&#xD;
-&gt; done: MatrixSteps.ThenTestcaseDatYeuCau("AUTO-068") (0.0s)</StdOut>
      </Output>
    </UnitTestResult>
    <UnitTestResult executionId="c8cb47ea-34ab-4453-9415-a2373b6bcd38" testId="77adbb17-9ce4-5bd7-2175-fdd9f84c18d4" testName="MaTrậnKiểmThửId_Tieu_De(&quot;AUTO-073&quot;,&quot;Admin health&quot;,null)" computerName="MSI" duration="00:00:00.0085900" startTime="2026-06-08T21:09:08.2448990+07:00" endTime="2026-06-08T21:09:08.2534886+07:00" testType="13cdc9d9-ddb5-4fa4-a97d-d965ccfc6d4b" outcome="Passed" testListId="8c84fa94-04c1-424b-9868-57a2d4851a1d" relativeResultsDirectory="c8cb47ea-34ab-4453-9415-a2373b6bcd38">
      <Output>
        <StdOut>Given backend dang san sang&#xD;
-&gt; done: CommonSteps.GivenBackendDangSanSang() (0.0s)&#xD;
And he thong du lieu demo duoc reset&#xD;
-&gt; done: CommonSteps.GivenHeThongDuLieuDemoDuocReset() (0.0s)&#xD;
When tôi chạy testcase tự động "AUTO-073"&#xD;
-&gt; done: MatrixSteps.WhenToiChayTestcaseTuDong("AUTO-073") (0.0s)&#xD;
Then testcase "AUTO-073" đạt yêu cầu&#xD;
-&gt; done: MatrixSteps.ThenTestcaseDatYeuCau("AUTO-073") (0.0s)</StdOut>
      </Output>
    </UnitTestResult>
    <UnitTestResult executionId="3aeb4cc2-ca0d-46c0-89a2-4c5c00f742a5" testId="8b14ed48-8e76-81b2-6f98-f3f92e13a5eb" testName="MaTrậnKiểmThửId_Tieu_De(&quot;AUTO-078&quot;,&quot;Web khách được phục vụ&quot;,null)" computerName="MSI" duration="00:00:00.0062780" startTime="2026-06-08T21:09:08.3109296+07:00" endTime="2026-06-08T21:09:08.3172069+07:00" testType="13cdc9d9-ddb5-4fa4-a97d-d965ccfc6d4b" outcome="Passed" testListId="8c84fa94-04c1-424b-9868-57a2d4851a1d" relativeResultsDirectory="3aeb4cc2-ca0d-46c0-89a2-4c5c00f742a5">
      <Output>
        <StdOut>Given backend dang san sang&#xD;
-&gt; done: CommonSteps.GivenBackendDangSanSang() (0.0s)&#xD;
And he thong du lieu demo duoc reset&#xD;
-&gt; done: CommonSteps.GivenHeThongDuLieuDemoDuocReset() (0.0s)&#xD;
When tôi chạy testcase tự động "AUTO-078"&#xD;
-&gt; done: MatrixSteps.WhenToiChayTestcaseTuDong("AUTO-078") (0.0s)&#xD;
Then testcase "AUTO-078" đạt yêu cầu&#xD;
-&gt; done: MatrixSteps.ThenTestcaseDatYeuCau("AUTO-078") (0.0s)</StdOut>
      </Output>
    </UnitTestResult>
    <UnitTestResult executionId="dac81a24-89e1-40bf-b9cb-75a37f056164" testId="9a3b5b5f-d8f6-4c54-a73a-5a4cf693276a" testName="MaTrậnKiểmThửId_Tieu_De(&quot;AUTO-065&quot;,&quot;Check-out id không tồn tại trả lỗi&quot;,null)" computerName="MSI" duration="00:00:00.0084450" startTime="2026-06-08T21:09:08.1728473+07:00" endTime="2026-06-08T21:09:08.1812920+07:00" testType="13cdc9d9-ddb5-4fa4-a97d-d965ccfc6d4b" outcome="Passed" testListId="8c84fa94-04c1-424b-9868-57a2d4851a1d" relativeResultsDirectory="dac81a24-89e1-40bf-b9cb-75a37f056164">
      <Output>
        <StdOut>Given backend dang san sang&#xD;
-&gt; done: CommonSteps.GivenBackendDangSanSang() (0.0s)&#xD;
And he thong du lieu demo duoc reset&#xD;
-&gt; done: CommonSteps.GivenHeThongDuLieuDemoDuocReset() (0.0s)&#xD;
When tôi chạy testcase tự động "AUTO-065"&#xD;
-&gt; done: MatrixSteps.WhenToiChayTestcaseTuDong("AUTO-065") (0.0s)&#xD;
Then testcase "AUTO-065" đạt yêu cầu&#xD;
-&gt; done: MatrixSteps.ThenTestcaseDatYeuCau("AUTO-065") (0.0s)</StdOut>
      </Output>
    </UnitTestResult>
    <UnitTestResult executionId="e4ae51d9-b419-491e-b064-f7b22712b7c5" testId="96b3528c-d378-3d41-31f7-e8c4a83d4a04" testName="MaTrậnKiểmThửId_Tieu_De(&quot;AUTO-028&quot;,&quot;Tạo món mặc định&quot;,null)" computerName="MSI" duration="00:00:00.0077450" startTime="2026-06-08T21:09:07.6599628+07:00" endTime="2026-06-08T21:09:07.6677077+07:00" testType="13cdc9d9-ddb5-4fa4-a97d-d965ccfc6d4b" outcome="Passed" testListId="8c84fa94-04c1-424b-9868-57a2d4851a1d" relativeResultsDirectory="e4ae51d9-b419-491e-b064-f7b22712b7c5">
      <Output>
        <StdOut>Given backend dang san sang&#xD;
-&gt; done: CommonSteps.GivenBackendDangSanSang() (0.0s)&#xD;
And he thong du lieu demo duoc reset&#xD;
-&gt; done: CommonSteps.GivenHeThongDuLieuDemoDuocReset() (0.0s)&#xD;
When tôi chạy testcase tự động "AUTO-028"&#xD;
-&gt; done: MatrixSteps.WhenToiChayTestcaseTuDong("AUTO-028") (0.0s)&#xD;
Then testcase "AUTO-028" đạt yêu cầu&#xD;
-&gt; done: MatrixSteps.ThenTestcaseDatYeuCau("AUTO-028") (0.0s)</StdOut>
      </Output>
    </UnitTestResult>
    <UnitTestResult executionId="a0090ab8-2e6b-4ed5-a182-3ef6852b1943" testId="d4b80c30-0f8e-26eb-79fe-0d8a04b697e7" testName="MaTrậnKiểmThửId_Tieu_De(&quot;AUTO-029&quot;,&quot;Tạo món tùy chỉnh&quot;,null)" computerName="MSI" duration="00:00:00.0106450" startTime="2026-06-08T21:09:07.6677440+07:00" endTime="2026-06-08T21:09:07.6783889+07:00" testType="13cdc9d9-ddb5-4fa4-a97d-d965ccfc6d4b" outcome="Passed" testListId="8c84fa94-04c1-424b-9868-57a2d4851a1d" relativeResultsDirectory="a0090ab8-2e6b-4ed5-a182-3ef6852b1943">
      <Output>
        <StdOut>Given backend dang san sang&#xD;
-&gt; done: CommonSteps.GivenBackendDangSanSang() (0.0s)&#xD;
And he thong du lieu demo duoc reset&#xD;
-&gt; done: CommonSteps.GivenHeThongDuLieuDemoDuocReset() (0.0s)&#xD;
When tôi chạy testcase tự động "AUTO-029"&#xD;
-&gt; done: MatrixSteps.WhenToiChayTestcaseTuDong("AUTO-029") (0.0s)&#xD;
Then testcase "AUTO-029" đạt yêu cầu&#xD;
-&gt; done: MatrixSteps.ThenTestcaseDatYeuCau("AUTO-029") (0.0s)</StdOut>
      </Output>
    </UnitTestResult>
    <UnitTestResult executionId="11cd3614-e450-42dc-8a1f-75f8b7254e7f" testId="a9025e26-a941-98cb-cb2a-0c7bbaaf6ec1" testName="MaTrậnKiểmThửId_Tieu_De(&quot;AUTO-032&quot;,&quot;Xóa món&quot;,null)" computerName="MSI" duration="00:00:00.0212350" startTime="2026-06-08T21:09:07.7105682+07:00" endTime="2026-06-08T21:09:07.7318031+07:00" testType="13cdc9d9-ddb5-4fa4-a97d-d965ccfc6d4b" outcome="Passed" testListId="8c84fa94-04c1-424b-9868-57a2d4851a1d" relativeResultsDirectory="11cd3614-e450-42dc-8a1f-75f8b7254e7f">
      <Output>
        <StdOut>Given backend dang san sang&#xD;
-&gt; done: CommonSteps.GivenBackendDangSanSang() (0.0s)&#xD;
And he thong du lieu demo duoc reset&#xD;
-&gt; done: CommonSteps.GivenHeThongDuLieuDemoDuocReset() (0.0s)&#xD;
When tôi chạy testcase tự động "AUTO-032"&#xD;
-&gt; done: MatrixSteps.WhenToiChayTestcaseTuDong("AUTO-032") (0.0s)&#xD;
Then testcase "AUTO-032" đạt yêu cầu&#xD;
-&gt; done: MatrixSteps.ThenTestcaseDatYeuCau("AUTO-032") (0.0s)</StdOut>
      </Output>
    </UnitTestResult>
    <UnitTestResult executionId="dcc2f673-4d4b-4e96-b919-a66c7474e05a" testId="f810106c-c29f-448a-a176-5c328613485c" testName="MaTrậnKiểmThửId_Tieu_De(&quot;AUTO-005&quot;,&quot;Từ chối mật khẩu sai của khách hàng&quot;,null)" computerName="MSI" duration="00:00:00.0086150" startTime="2026-06-08T21:09:07.3040968+07:00" endTime="2026-06-08T21:09:07.3127114+07:00" testType="13cdc9d9-ddb5-4fa4-a97d-d965ccfc6d4b" outcome="Passed" testListId="8c84fa94-04c1-424b-9868-57a2d4851a1d" relativeResultsDirectory="dcc2f673-4d4b-4e96-b919-a66c7474e05a">
      <Output>
        <StdOut>Given backend dang san sang&#xD;
-&gt; done: CommonSteps.GivenBackendDangSanSang() (0.0s)&#xD;
And he thong du lieu demo duoc reset&#xD;
-&gt; done: CommonSteps.GivenHeThongDuLieuDemoDuocReset() (0.0s)&#xD;
When tôi chạy testcase tự động "AUTO-005"&#xD;
-&gt; done: MatrixSteps.WhenToiChayTestcaseTuDong("AUTO-005") (0.0s)&#xD;
Then testcase "AUTO-005" đạt yêu cầu&#xD;
-&gt; done: MatrixSteps.ThenTestcaseDatYeuCau("AUTO-005") (0.0s)</StdOut>
      </Output>
    </UnitTestResult>
    <UnitTestResult executionId="ba5560f4-bdfd-4feb-ad2d-f77e73fc0f8f" testId="3c20a6a3-5b99-24b9-ea52-cdf8a0498094" testName="KhachHangDatBanVaBackendCapNhatTrangThai" computerName="MSI" duration="00:00:03.6439400" startTime="2026-06-08T21:08:43.6049722+07:00" endTime="2026-06-08T21:08:47.2489114+07:00" testType="13cdc9d9-ddb5-4fa4-a97d-d965ccfc6d4b" outcome="Passed" testListId="8c84fa94-04c1-424b-9868-57a2d4851a1d" relativeResultsDirectory="ba5560f4-bdfd-4feb-ad2d-f77e73fc0f8f">
      <Output>
        <StdOut>Given backend dang san sang&#xD;
-&gt; done: CommonSteps.GivenBackendDangSanSang() (0.0s)&#xD;
And he thong du lieu demo duoc reset&#xD;
-&gt; done: CommonSteps.GivenHeThongDuLieuDemoDuocReset() (0.0s)&#xD;
Given toi mo web "customer"&#xD;
-&gt; done: CommonSteps.GivenToiMoWeb("customer") (2.2s)&#xD;
When toi dang nhap khach hang voi tai khoan "customer001" mat khau "123"&#xD;
-&gt; done: CustomerSteps.WhenToiDangNhapKhachHang("customer001", "123") (0.3s)&#xD;
Then khong gian khach hang duoc hien thi&#xD;
-&gt; done: CustomerSteps.ThenKhongGianKhachHangDuocHienThi() (0.1s)&#xD;
When toi chon ban co ma 7&#xD;
-&gt; done: CustomerSteps.WhenToiChonBanCoMa(7) (0.1s)&#xD;
And toi chuyen sang che do dat ban&#xD;
-&gt; done: CustomerSteps.WhenToiChuyenSangCheDoDatBan() (0.1s)&#xD;
And toi nhap so khach "3" va ghi chu "auto reserve from reqnroll"&#xD;
-&gt; done: CustomerSteps.WhenToiNhapSoKhachVaGhiChu("3", "auto reserve from...") (0.2s)&#xD;
And toi gui yeu cau khach hang&#xD;
-&gt; done: CustomerSteps.WhenToiGuiYeuCauKhachHang() (0.1s)&#xD;
Then thong bao thao tac khach hang hien "Da dat ban"&#xD;
-&gt; done: CustomerSteps.ThenThongBaoThaoTacKhachHangHien("Da dat ban") (0.0s)&#xD;
And backend ghi nhan ban 7 co trang thai "reserved"&#xD;
-&gt; done: CustomerSteps.ThenBackendGhiNhanBanCoTrangThai(7, "reserved") (0.0s)</StdOut>
      </Output>
    </UnitTestResult>
    <UnitTestResult executionId="53eb4271-d95d-45f4-bad5-9cd6ad638969" testId="a8d52a10-bf0e-4afb-6180-6478a139db7f" testName="KhachHangXemLichSuThanhToanSauKhiAdminXacNhan" computerName="MSI" duration="00:00:05.5163330" startTime="2026-06-08T21:09:01.7087996+07:00" endTime="2026-06-08T21:09:07.2251314+07:00" testType="13cdc9d9-ddb5-4fa4-a97d-d965ccfc6d4b" outcome="Passed" testListId="8c84fa94-04c1-424b-9868-57a2d4851a1d" relativeResultsDirectory="53eb4271-d95d-45f4-bad5-9cd6ad638969">
      <Output>
        <StdOut>Given backend dang san sang&#xD;
-&gt; done: CommonSteps.GivenBackendDangSanSang() (0.0s)&#xD;
And he thong du lieu demo duoc reset&#xD;
-&gt; done: CommonSteps.GivenHeThongDuLieuDemoDuocReset() (0.0s)&#xD;
Given toi mo web "customer"&#xD;
-&gt; done: CommonSteps.GivenToiMoWeb("customer") (2.2s)&#xD;
When toi dang nhap khach hang voi tai khoan "customer001" mat khau "123"&#xD;
-&gt; done: CustomerSteps.WhenToiDangNhapKhachHang("customer001", "123") (0.3s)&#xD;
Then khong gian khach hang duoc hien thi&#xD;
-&gt; done: CustomerSteps.ThenKhongGianKhachHangDuocHienThi() (0.1s)&#xD;
When toi chon ban co ma 7&#xD;
-&gt; done: CustomerSteps.WhenToiChonBanCoMa(7) (0.1s)&#xD;
And toi them mon co ma 1 vao gio&#xD;
-&gt; done: CustomerSteps.WhenToiThemMonCoMaVaoGio(1) (1.1s)&#xD;
And toi gui yeu cau khach hang&#xD;
-&gt; done: CustomerSteps.WhenToiGuiYeuCauKhachHang() (0.1s)&#xD;
Then thong bao thao tac khach hang hien "Da gui mon"&#xD;
-&gt; done: CustomerSteps.ThenThongBaoThaoTacKhachHangHien("Da gui mon") (0.0s)&#xD;
And backend co hoa don mo cua khach hang 1 tai ban 7 voi 1 dong mon&#xD;
-&gt; done: CustomerSteps.ThenBackendCoHoaDonMoCuaKhachHangTaiBanVoiDongMon(1, 7, 1) (0.0s)&#xD;
When admin thanh toan hoa don mo cua khach hang 1 tai ban 7&#xD;
-&gt; done: CustomerSteps.WhenAdminThanhToanHoaDonMoCuaKhachHangTaiBan(1, 7) (0.0s)&#xD;
Then khach hang thay hoa don vua thanh toan&#xD;
-&gt; done: CustomerSteps.ThenKhachHangThayHoaDonVuaThanhToan() (1.2s)&#xD;
And backend ghi nhan ban 7 co trang thai "available"&#xD;
-&gt; done: CustomerSteps.ThenBackendGhiNhanBanCoTrangThai(7, "available") (0.0s)</StdOut>
      </Output>
    </UnitTestResult>
    <UnitTestResult executionId="35a10b43-5cfd-45e5-b93f-945bbb7c6710" testId="04a35387-a487-3803-88c8-0926af935a7d" testName="NhanVienGhiNoVaThuNo" computerName="MSI" duration="00:00:17.4736460" startTime="2026-06-08T21:09:40.7842117+07:00" endTime="2026-06-08T21:09:58.2578567+07:00" testType="13cdc9d9-ddb5-4fa4-a97d-d965ccfc6d4b" outcome="Passed" testListId="8c84fa94-04c1-424b-9868-57a2d4851a1d" relativeResultsDirectory="35a10b43-5cfd-45e5-b93f-945bbb7c6710">
      <Output>
        <StdOut>Given backend dang san sang&#xD;
-&gt; done: CommonSteps.GivenBackendDangSanSang() (0.0s)&#xD;
And he thong du lieu demo duoc reset&#xD;
-&gt; done: CommonSteps.GivenHeThongDuLieuDemoDuocReset() (0.0s)&#xD;
Given backend co hoa don mo cua staff tai ban 7&#xD;
-&gt; done: StaffSteps.GivenBackendCoHoaDonMoCuaStaffTaiBan(7) (0.0s)&#xD;
When toi dang nhap web Flutter "staff" voi tai khoan "staff" mat khau "123"&#xD;
-&gt; done: CommonSteps.WhenToiDangNhapWebFlutter("staff", "staff", "123") (6.3s)&#xD;
And staff ghi no hoa don hien tai cho khach "Auto Debt Guest"&#xD;
-&gt; done: StaffSteps.WhenStaffGhiNoHoaDonHienTaiChoKhach("Auto Debt Guest") (7.1s)&#xD;
Then backend ghi nhan hoa don hien tai co trang thai "debt"&#xD;
-&gt; done: StaffSteps.ThenBackendGhiNhanHoaDonHienTaiCoTrangThai("debt") (0.0s)&#xD;
Given backend co cong no cua khach "Auto Collect Guest"&#xD;
-&gt; done: StaffSteps.GivenBackendCoCongNoCuaKhach("Auto Collect Guest") (0.0s)&#xD;
When staff thu het cong no hien tai&#xD;
-&gt; done: StaffSteps.WhenStaffThuHetCongNoHienTai() (3.7s)&#xD;
Then backend ghi nhan cong no hien tai da "paid"&#xD;
-&gt; done: StaffSteps.ThenBackendGhiNhanCongNoHienTaiDa("paid") (0.0s)</StdOut>
      </Output>
    </UnitTestResult>
    <UnitTestResult executionId="408ecacc-8278-462e-9c0a-1c134190b73e" testId="0cf79cb1-e01f-f148-3b20-376d079d46af" testName="AdminTaoVaXoaThongBao" computerName="MSI" duration="00:00:13.3540050" startTime="2026-06-08T21:08:07.4124511+07:00" endTime="2026-06-08T21:08:20.7664543+07:00" testType="13cdc9d9-ddb5-4fa4-a97d-d965ccfc6d4b" outcome="Passed" testListId="8c84fa94-04c1-424b-9868-57a2d4851a1d" relativeResultsDirectory="408ecacc-8278-462e-9c0a-1c134190b73e">
      <Output>
        <StdOut>Given backend dang san sang&#xD;
-&gt; done: CommonSteps.GivenBackendDangSanSang() (0.0s)&#xD;
And he thong du lieu demo duoc reset&#xD;
-&gt; done: CommonSteps.GivenHeThongDuLieuDemoDuocReset() (0.0s)&#xD;
When toi dang nhap web Flutter "admin" voi tai khoan "admin" mat khau "123"&#xD;
-&gt; done: CommonSteps.WhenToiDangNhapWebFlutter("admin", "admin", "123") (6.6s)&#xD;
And admin tao thong bao "Auto Notice" noi dung "Thong bao tu Selenium Reqnroll"&#xD;
-&gt; done: AdminSteps.WhenAdminTaoThongBaoNoiDung("Auto Notice", "Thong bao tu Sele...") (6.5s)&#xD;
Then backend co thong bao "Auto Notice"&#xD;
-&gt; done: CommonSteps.ThenBackendCoThongBao("Auto Notice") (0.0s)&#xD;
When admin xoa thong bao hien tai&#xD;
-&gt; done: AdminSteps.WhenAdminXoaThongBaoHienTai() (0.0s)&#xD;
Then backend khong con thong bao hien tai&#xD;
-&gt; done: AdminSteps.ThenBackendKhongConThongBaoHienTai() (0.0s)</StdOut>
      </Output>
    </UnitTestResult>
    <UnitTestResult executionId="7248b8e6-ec53-42b6-b222-89c72fc7d25a" testId="18a8946e-b25b-f0a9-5f50-235e0e39fed5" testName="KhachHangDangNhapThanhCongVaXemKhuLamViec" computerName="MSI" duration="00:00:03.4865140" startTime="2026-06-08T21:08:40.1183970+07:00" endTime="2026-06-08T21:08:43.6049107+07:00" testType="13cdc9d9-ddb5-4fa4-a97d-d965ccfc6d4b" outcome="Passed" testListId="8c84fa94-04c1-424b-9868-57a2d4851a1d" relativeResultsDirectory="7248b8e6-ec53-42b6-b222-89c72fc7d25a">
      <Output>
        <StdOut>Given backend dang san sang&#xD;
-&gt; done: CommonSteps.GivenBackendDangSanSang() (0.0s)&#xD;
And he thong du lieu demo duoc reset&#xD;
-&gt; done: CommonSteps.GivenHeThongDuLieuDemoDuocReset() (0.0s)&#xD;
Given toi mo web "customer"&#xD;
-&gt; done: CommonSteps.GivenToiMoWeb("customer") (2.3s)&#xD;
When toi dang nhap khach hang voi tai khoan "customer001" mat khau "123"&#xD;
-&gt; done: CustomerSteps.WhenToiDangNhapKhachHang("customer001", "123") (0.3s)&#xD;
Then khong gian khach hang duoc hien thi&#xD;
-&gt; done: CustomerSteps.ThenKhongGianKhachHangDuocHienThi() (0.2s)&#xD;
And khach hang thay ban "Ban 7"&#xD;
-&gt; done: CustomerSteps.ThenKhachHangThayBan("Ban 7") (0.0s)&#xD;
And khach hang thay mon "Pho bo tai"&#xD;
-&gt; done: CustomerSteps.ThenKhachHangThayMon("Pho bo tai") (0.1s)</StdOut>
      </Output>
    </UnitTestResult>
    <UnitTestResult executionId="8f5b1f02-3fc4-4111-be33-06902a484d97" testId="d8515c98-2fe0-ad7a-d9c3-b901e43b5847" testName="NhanVienThemBanMoiTrenGiaoDien" computerName="MSI" duration="00:00:13.8790760" startTime="2026-06-08T21:10:20.5636185+07:00" endTime="2026-06-08T21:10:34.4426944+07:00" testType="13cdc9d9-ddb5-4fa4-a97d-d965ccfc6d4b" outcome="Passed" testListId="8c84fa94-04c1-424b-9868-57a2d4851a1d" relativeResultsDirectory="8f5b1f02-3fc4-4111-be33-06902a484d97">
      <Output>
        <StdOut>Given backend dang san sang&#xD;
-&gt; done: CommonSteps.GivenBackendDangSanSang() (0.0s)&#xD;
And he thong du lieu demo duoc reset&#xD;
-&gt; done: CommonSteps.GivenHeThongDuLieuDemoDuocReset() (0.0s)&#xD;
When toi dang nhap web Flutter "staff" voi tai khoan "staff" mat khau "123"&#xD;
-&gt; done: CommonSteps.WhenToiDangNhapWebFlutter("staff", "staff", "123") (6.4s)&#xD;
And staff tao ban "Ban Auto Staff" so ghe "4" khu "Khu Auto"&#xD;
-&gt; done: StaffSteps.WhenStaffTaoBanSoGheKhu("Ban Auto Staff", "4", "Khu Auto") (7.2s)&#xD;
Then backend co ban "Ban Auto Staff"&#xD;
-&gt; done: CommonSteps.ThenBackendCoBan("Ban Auto Staff") (0.0s)</StdOut>
      </Output>
    </UnitTestResult>
    <UnitTestResult executionId="80bcafec-a1dd-4acf-8aec-104ed12b0b60" testId="4ba42f3f-68f8-b3b5-ad0b-b101bb933d49" testName="MaTrậnKiểmThửId_Tieu_De(&quot;AUTO-019&quot;,&quot;Danh sách bàn seed có 16 bàn&quot;,null)" computerName="MSI" duration="00:00:00.0093180" startTime="2026-06-08T21:09:07.5054591+07:00" endTime="2026-06-08T21:09:07.5147771+07:00" testType="13cdc9d9-ddb5-4fa4-a97d-d965ccfc6d4b" outcome="Passed" testListId="8c84fa94-04c1-424b-9868-57a2d4851a1d" relativeResultsDirectory="80bcafec-a1dd-4acf-8aec-104ed12b0b60">
      <Output>
        <StdOut>Given backend dang san sang&#xD;
-&gt; done: CommonSteps.GivenBackendDangSanSang() (0.0s)&#xD;
And he thong du lieu demo duoc reset&#xD;
-&gt; done: CommonSteps.GivenHeThongDuLieuDemoDuocReset() (0.0s)&#xD;
When tôi chạy testcase tự động "AUTO-019"&#xD;
-&gt; done: MatrixSteps.WhenToiChayTestcaseTuDong("AUTO-019") (0.0s)&#xD;
Then testcase "AUTO-019" đạt yêu cầu&#xD;
-&gt; done: MatrixSteps.ThenTestcaseDatYeuCau("AUTO-019") (0.0s)</StdOut>
      </Output>
    </UnitTestResult>
    <UnitTestResult executionId="fa89ee28-7b5a-42b8-b50b-112dd1a8133a" testId="88e51431-c56c-d839-1776-e92213f09487" testName="AdminXemBangLuongVaResetDemo" computerName="MSI" duration="00:00:16.0276770" startTime="2026-06-08T21:08:20.7665244+07:00" endTime="2026-06-08T21:08:36.7942002+07:00" testType="13cdc9d9-ddb5-4fa4-a97d-d965ccfc6d4b" outcome="Passed" testListId="8c84fa94-04c1-424b-9868-57a2d4851a1d" relativeResultsDirectory="fa89ee28-7b5a-42b8-b50b-112dd1a8133a">
      <Output>
        <StdOut>Given backend dang san sang&#xD;
-&gt; done: CommonSteps.GivenBackendDangSanSang() (0.0s)&#xD;
And he thong du lieu demo duoc reset&#xD;
-&gt; done: CommonSteps.GivenHeThongDuLieuDemoDuocReset() (0.0s)&#xD;
Given backend co them ban tam "Ban Before Auto Reset"&#xD;
-&gt; done: AdminSteps.GivenBackendCoThemBanTam("Ban Before Auto R...") (0.0s)&#xD;
When toi dang nhap web Flutter "admin" voi tai khoan "admin" mat khau "123"&#xD;
-&gt; done: CommonSteps.WhenToiDangNhapWebFlutter("admin", "admin", "123") (6.4s)&#xD;
And admin xem bang luong thang "2026-05"&#xD;
-&gt; done: AdminSteps.WhenAdminXemBangLuongThang("2026-05") (5.7s)&#xD;
Then backend tra ve bang luong thang hien tai&#xD;
-&gt; done: AdminSteps.ThenBackendTraVeBangLuongThangHienTai() (0.0s)&#xD;
When admin reset du lieu demo tren web&#xD;
-&gt; done: AdminSteps.WhenAdminResetDuLieuDemoTrenWeb() (3.6s)&#xD;
Then backend duoc reset ve 16 ban&#xD;
-&gt; done: AdminSteps.ThenBackendDuocResetVeBan(16) (0.0s)</StdOut>
      </Output>
    </UnitTestResult>
    <UnitTestResult executionId="a2cfb914-6b48-464b-aa7b-d4643978958c" testId="c6e91e4f-4715-fed0-9092-6ea49a92ae81" testName="MaTrậnKiểmThửId_Tieu_De(&quot;AUTO-061&quot;,&quot;Lấy chấm công theo ngày&quot;,null)" computerName="MSI" duration="00:00:00.0095850" startTime="2026-06-08T21:09:08.1195078+07:00" endTime="2026-06-08T21:09:08.1290922+07:00" testType="13cdc9d9-ddb5-4fa4-a97d-d965ccfc6d4b" outcome="Passed" testListId="8c84fa94-04c1-424b-9868-57a2d4851a1d" relativeResultsDirectory="a2cfb914-6b48-464b-aa7b-d4643978958c">
      <Output>
        <StdOut>Given backend dang san sang&#xD;
-&gt; done: CommonSteps.GivenBackendDangSanSang() (0.0s)&#xD;
And he thong du lieu demo duoc reset&#xD;
-&gt; done: CommonSteps.GivenHeThongDuLieuDemoDuocReset() (0.0s)&#xD;
When tôi chạy testcase tự động "AUTO-061"&#xD;
-&gt; done: MatrixSteps.WhenToiChayTestcaseTuDong("AUTO-061") (0.0s)&#xD;
Then testcase "AUTO-061" đạt yêu cầu&#xD;
-&gt; done: MatrixSteps.ThenTestcaseDatYeuCau("AUTO-061") (0.0s)</StdOut>
      </Output>
    </UnitTestResult>
    <UnitTestResult executionId="9fd9de07-2f60-48f1-b520-8e0ce405cbd1" testId="d6c4ae1f-532f-1e45-e519-04b687ca38e1" testName="MaTrậnKiểmThửId_Tieu_De(&quot;AUTO-030&quot;,&quot;Cập nhật giá món&quot;,null)" computerName="MSI" duration="00:00:00.0158970" startTime="2026-06-08T21:09:07.6784287+07:00" endTime="2026-06-08T21:09:07.6943253+07:00" testType="13cdc9d9-ddb5-4fa4-a97d-d965ccfc6d4b" outcome="Passed" testListId="8c84fa94-04c1-424b-9868-57a2d4851a1d" relativeResultsDirectory="9fd9de07-2f60-48f1-b520-8e0ce405cbd1">
      <Output>
        <StdOut>Given backend dang san sang&#xD;
-&gt; done: CommonSteps.GivenBackendDangSanSang() (0.0s)&#xD;
And he thong du lieu demo duoc reset&#xD;
-&gt; done: CommonSteps.GivenHeThongDuLieuDemoDuocReset() (0.0s)&#xD;
When tôi chạy testcase tự động "AUTO-030"&#xD;
-&gt; done: MatrixSteps.WhenToiChayTestcaseTuDong("AUTO-030") (0.0s)&#xD;
Then testcase "AUTO-030" đạt yêu cầu&#xD;
-&gt; done: MatrixSteps.ThenTestcaseDatYeuCau("AUTO-030") (0.0s)</StdOut>
      </Output>
    </UnitTestResult>
    <UnitTestResult executionId="9e7da517-b7fb-41e3-8f6c-ff71e918a1be" testId="d4ee15a0-7e70-5fc4-313c-9557144b2311" testName="MaTrậnKiểmThửId_Tieu_De(&quot;AUTO-022&quot;,&quot;Xóa bàn trống&quot;,null)" computerName="MSI" duration="00:00:00.0284460" startTime="2026-06-08T21:09:07.5413095+07:00" endTime="2026-06-08T21:09:07.5697547+07:00" testType="13cdc9d9-ddb5-4fa4-a97d-d965ccfc6d4b" outcome="Passed" testListId="8c84fa94-04c1-424b-9868-57a2d4851a1d" relativeResultsDirectory="9e7da517-b7fb-41e3-8f6c-ff71e918a1be">
      <Output>
        <StdOut>Given backend dang san sang&#xD;
-&gt; done: CommonSteps.GivenBackendDangSanSang() (0.0s)&#xD;
And he thong du lieu demo duoc reset&#xD;
-&gt; done: CommonSteps.GivenHeThongDuLieuDemoDuocReset() (0.0s)&#xD;
When tôi chạy testcase tự động "AUTO-022"&#xD;
-&gt; done: MatrixSteps.WhenToiChayTestcaseTuDong("AUTO-022") (0.0s)&#xD;
Then testcase "AUTO-022" đạt yêu cầu&#xD;
-&gt; done: MatrixSteps.ThenTestcaseDatYeuCau("AUTO-022") (0.0s)</StdOut>
      </Output>
    </UnitTestResult>
    <UnitTestResult executionId="34dcdf46-be6d-48cf-90f3-8905403f2ab3" testId="0656d2e5-5b2b-ed38-168e-f6f27fc54a8f" testName="MaTrậnKiểmThửId_Tieu_De(&quot;AUTO-040&quot;,&quot;Thêm một dòng món vào hóa đơn&quot;,null)" computerName="MSI" duration="00:00:00.0124340" startTime="2026-06-08T21:09:07.8405567+07:00" endTime="2026-06-08T21:09:07.8529902+07:00" testType="13cdc9d9-ddb5-4fa4-a97d-d965ccfc6d4b" outcome="Passed" testListId="8c84fa94-04c1-424b-9868-57a2d4851a1d" relativeResultsDirectory="34dcdf46-be6d-48cf-90f3-8905403f2ab3">
      <Output>
        <StdOut>Given backend dang san sang&#xD;
-&gt; done: CommonSteps.GivenBackendDangSanSang() (0.0s)&#xD;
And he thong du lieu demo duoc reset&#xD;
-&gt; done: CommonSteps.GivenHeThongDuLieuDemoDuocReset() (0.0s)&#xD;
When tôi chạy testcase tự động "AUTO-040"&#xD;
-&gt; done: MatrixSteps.WhenToiChayTestcaseTuDong("AUTO-040") (0.0s)&#xD;
Then testcase "AUTO-040" đạt yêu cầu&#xD;
-&gt; done: MatrixSteps.ThenTestcaseDatYeuCau("AUTO-040") (0.0s)</StdOut>
      </Output>
    </UnitTestResult>
    <UnitTestResult executionId="d73e3cee-08dd-42ba-9ac8-35a732a5b16e" testId="74e1fcc2-927c-abef-84cd-fb40db30e1bc" testName="MaTrậnKiểmThửId_Tieu_De(&quot;AUTO-067&quot;,&quot;Dashboard trả về số liệu tổng quan&quot;,null)" computerName="MSI" duration="00:00:00.0087180" startTime="2026-06-08T21:09:08.1905057+07:00" endTime="2026-06-08T21:09:08.1992233+07:00" testType="13cdc9d9-ddb5-4fa4-a97d-d965ccfc6d4b" outcome="Passed" testListId="8c84fa94-04c1-424b-9868-57a2d4851a1d" relativeResultsDirectory="d73e3cee-08dd-42ba-9ac8-35a732a5b16e">
      <Output>
        <StdOut>Given backend dang san sang&#xD;
-&gt; done: CommonSteps.GivenBackendDangSanSang() (0.0s)&#xD;
And he thong du lieu demo duoc reset&#xD;
-&gt; done: CommonSteps.GivenHeThongDuLieuDemoDuocReset() (0.0s)&#xD;
When tôi chạy testcase tự động "AUTO-067"&#xD;
-&gt; done: MatrixSteps.WhenToiChayTestcaseTuDong("AUTO-067") (0.0s)&#xD;
Then testcase "AUTO-067" đạt yêu cầu&#xD;
-&gt; done: MatrixSteps.ThenTestcaseDatYeuCau("AUTO-067") (0.0s)</StdOut>
      </Output>
    </UnitTestResult>
    <UnitTestResult executionId="87369c87-a5eb-49fe-9ccc-1236688ef474" testId="beac42c2-24c1-24cc-5d7b-9b1d160f261f" testName="MaTrậnKiểmThửId_Tieu_De(&quot;AUTO-053&quot;,&quot;Danh sách nhân viên seed&quot;,null)" computerName="MSI" duration="00:00:00.0072280" startTime="2026-06-08T21:09:08.0345586+07:00" endTime="2026-06-08T21:09:08.0417866+07:00" testType="13cdc9d9-ddb5-4fa4-a97d-d965ccfc6d4b" outcome="Passed" testListId="8c84fa94-04c1-424b-9868-57a2d4851a1d" relativeResultsDirectory="87369c87-a5eb-49fe-9ccc-1236688ef474">
      <Output>
        <StdOut>Given backend dang san sang&#xD;
-&gt; done: CommonSteps.GivenBackendDangSanSang() (0.0s)&#xD;
And he thong du lieu demo duoc reset&#xD;
-&gt; done: CommonSteps.GivenHeThongDuLieuDemoDuocReset() (0.0s)&#xD;
When tôi chạy testcase tự động "AUTO-053"&#xD;
-&gt; done: MatrixSteps.WhenToiChayTestcaseTuDong("AUTO-053") (0.0s)&#xD;
Then testcase "AUTO-053" đạt yêu cầu&#xD;
-&gt; done: MatrixSteps.ThenTestcaseDatYeuCau("AUTO-053") (0.0s)</StdOut>
      </Output>
    </UnitTestResult>
    <UnitTestResult executionId="ef34d4fb-59e2-4a74-8bb9-7f202b12c43a" testId="ee4ab665-cdf0-ef31-a436-66f7fb752bf6" testName="MaTrậnKiểmThửId_Tieu_De(&quot;AUTO-036&quot;,&quot;Nhân viên tạo hóa đơn mở&quot;,null)" computerName="MSI" duration="00:00:00.0099080" startTime="2026-06-08T21:09:07.7907221+07:00" endTime="2026-06-08T21:09:07.8006293+07:00" testType="13cdc9d9-ddb5-4fa4-a97d-d965ccfc6d4b" outcome="Passed" testListId="8c84fa94-04c1-424b-9868-57a2d4851a1d" relativeResultsDirectory="ef34d4fb-59e2-4a74-8bb9-7f202b12c43a">
      <Output>
        <StdOut>Given backend dang san sang&#xD;
-&gt; done: CommonSteps.GivenBackendDangSanSang() (0.0s)&#xD;
And he thong du lieu demo duoc reset&#xD;
-&gt; done: CommonSteps.GivenHeThongDuLieuDemoDuocReset() (0.0s)&#xD;
When tôi chạy testcase tự động "AUTO-036"&#xD;
-&gt; done: MatrixSteps.WhenToiChayTestcaseTuDong("AUTO-036") (0.0s)&#xD;
Then testcase "AUTO-036" đạt yêu cầu&#xD;
-&gt; done: MatrixSteps.ThenTestcaseDatYeuCau("AUTO-036") (0.0s)</StdOut>
      </Output>
    </UnitTestResult>
    <UnitTestResult executionId="49888926-5337-4467-8af4-6e424b47ac56" testId="eb0bdc6f-2c1d-3d55-0528-64f9ddc7bfa8" testName="MaTrậnKiểmThửId_Tieu_De(&quot;AUTO-038&quot;,&quot;Tái sử dụng hóa đơn mở cùng bàn&quot;,null)" computerName="MSI" duration="00:00:00.0115530" startTime="2026-06-08T21:09:07.8161705+07:00" endTime="2026-06-08T21:09:07.8277228+07:00" testType="13cdc9d9-ddb5-4fa4-a97d-d965ccfc6d4b" outcome="Passed" testListId="8c84fa94-04c1-424b-9868-57a2d4851a1d" relativeResultsDirectory="49888926-5337-4467-8af4-6e424b47ac56">
      <Output>
        <StdOut>Given backend dang san sang&#xD;
-&gt; done: CommonSteps.GivenBackendDangSanSang() (0.0s)&#xD;
And he thong du lieu demo duoc reset&#xD;
-&gt; done: CommonSteps.GivenHeThongDuLieuDemoDuocReset() (0.0s)&#xD;
When tôi chạy testcase tự động "AUTO-038"&#xD;
-&gt; done: MatrixSteps.WhenToiChayTestcaseTuDong("AUTO-038") (0.0s)&#xD;
Then testcase "AUTO-038" đạt yêu cầu&#xD;
-&gt; done: MatrixSteps.ThenTestcaseDatYeuCau("AUTO-038") (0.0s)</StdOut>
      </Output>
    </UnitTestResult>
    <UnitTestResult executionId="0cd5fafc-177d-4f1a-8d82-b7cbd175c1a5" testId="66d20f1f-7fc3-0eeb-085d-88bb705f2f16" testName="MaTrậnKiểmThửId_Tieu_De(&quot;AUTO-008&quot;,&quot;Tự sinh username không trùng&quot;,null)" computerName="MSI" duration="00:00:00.0116080" startTime="2026-06-08T21:09:07.3508669+07:00" endTime="2026-06-08T21:09:07.3624742+07:00" testType="13cdc9d9-ddb5-4fa4-a97d-d965ccfc6d4b" outcome="Passed" testListId="8c84fa94-04c1-424b-9868-57a2d4851a1d" relativeResultsDirectory="0cd5fafc-177d-4f1a-8d82-b7cbd175c1a5">
      <Output>
        <StdOut>Given backend dang san sang&#xD;
-&gt; done: CommonSteps.GivenBackendDangSanSang() (0.0s)&#xD;
And he thong du lieu demo duoc reset&#xD;
-&gt; done: CommonSteps.GivenHeThongDuLieuDemoDuocReset() (0.0s)&#xD;
When tôi chạy testcase tự động "AUTO-008"&#xD;
-&gt; done: MatrixSteps.WhenToiChayTestcaseTuDong("AUTO-008") (0.0s)&#xD;
Then testcase "AUTO-008" đạt yêu cầu&#xD;
-&gt; done: MatrixSteps.ThenTestcaseDatYeuCau("AUTO-008") (0.0s)</StdOut>
      </Output>
    </UnitTestResult>
    <UnitTestResult executionId="97de973f-f21d-4c7f-af73-7a6295a9c70a" testId="e80dbf54-fc36-73c3-a1de-1e91e76fa2e4" testName="MaTrậnKiểmThửId_Tieu_De(&quot;AUTO-017&quot;,&quot;Khách khác không dùng bàn đang mở hóa đơn&quot;,null)" computerName="MSI" duration="00:00:00.0146090" startTime="2026-06-08T21:09:07.4739198+07:00" endTime="2026-06-08T21:09:07.4885274+07:00" testType="13cdc9d9-ddb5-4fa4-a97d-d965ccfc6d4b" outcome="Passed" testListId="8c84fa94-04c1-424b-9868-57a2d4851a1d" relativeResultsDirectory="97de973f-f21d-4c7f-af73-7a6295a9c70a">
      <Output>
        <StdOut>Given backend dang san sang&#xD;
-&gt; done: CommonSteps.GivenBackendDangSanSang() (0.0s)&#xD;
And he thong du lieu demo duoc reset&#xD;
-&gt; done: CommonSteps.GivenHeThongDuLieuDemoDuocReset() (0.0s)&#xD;
When tôi chạy testcase tự động "AUTO-017"&#xD;
-&gt; done: MatrixSteps.WhenToiChayTestcaseTuDong("AUTO-017") (0.0s)&#xD;
Then testcase "AUTO-017" đạt yêu cầu&#xD;
-&gt; done: MatrixSteps.ThenTestcaseDatYeuCau("AUTO-017") (0.0s)</StdOut>
      </Output>
    </UnitTestResult>
    <UnitTestResult executionId="d4f283a0-c2a9-449d-8bb5-2d1a9993343e" testId="827ec638-4af2-4977-fdbf-20bd74ba89b8" testName="MaTrậnKiểmThửId_Tieu_De(&quot;AUTO-044&quot;,&quot;Không cho vai trò sai thu tiền&quot;,null)" computerName="MSI" duration="00:00:00.0164100" startTime="2026-06-08T21:09:07.9205623+07:00" endTime="2026-06-08T21:09:07.9369714+07:00" testType="13cdc9d9-ddb5-4fa4-a97d-d965ccfc6d4b" outcome="Passed" testListId="8c84fa94-04c1-424b-9868-57a2d4851a1d" relativeResultsDirectory="d4f283a0-c2a9-449d-8bb5-2d1a9993343e">
      <Output>
        <StdOut>Given backend dang san sang&#xD;
-&gt; done: CommonSteps.GivenBackendDangSanSang() (0.0s)&#xD;
And he thong du lieu demo duoc reset&#xD;
-&gt; done: CommonSteps.GivenHeThongDuLieuDemoDuocReset() (0.0s)&#xD;
When tôi chạy testcase tự động "AUTO-044"&#xD;
-&gt; done: MatrixSteps.WhenToiChayTestcaseTuDong("AUTO-044") (0.0s)&#xD;
Then testcase "AUTO-044" đạt yêu cầu&#xD;
-&gt; done: MatrixSteps.ThenTestcaseDatYeuCau("AUTO-044") (0.0s)</StdOut>
      </Output>
    </UnitTestResult>
    <UnitTestResult executionId="c127e757-2da0-4944-942d-5b3195d53e14" testId="02fa2674-ace1-1030-062a-c5cd062edc36" testName="MaTrậnKiểmThửId_Tieu_De(&quot;AUTO-049&quot;,&quot;Thanh toán công nợ một phần&quot;,null)" computerName="MSI" duration="00:00:00.0096310" startTime="2026-06-08T21:09:08.0016204+07:00" endTime="2026-06-08T21:09:08.0112510+07:00" testType="13cdc9d9-ddb5-4fa4-a97d-d965ccfc6d4b" outcome="Passed" testListId="8c84fa94-04c1-424b-9868-57a2d4851a1d" relativeResultsDirectory="c127e757-2da0-4944-942d-5b3195d53e14">
      <Output>
        <StdOut>Given backend dang san sang&#xD;
-&gt; done: CommonSteps.GivenBackendDangSanSang() (0.0s)&#xD;
And he thong du lieu demo duoc reset&#xD;
-&gt; done: CommonSteps.GivenHeThongDuLieuDemoDuocReset() (0.0s)&#xD;
When tôi chạy testcase tự động "AUTO-049"&#xD;
-&gt; done: MatrixSteps.WhenToiChayTestcaseTuDong("AUTO-049") (0.0s)&#xD;
Then testcase "AUTO-049" đạt yêu cầu&#xD;
-&gt; done: MatrixSteps.ThenTestcaseDatYeuCau("AUTO-049") (0.0s)</StdOut>
      </Output>
    </UnitTestResult>
    <UnitTestResult executionId="b7fc54d9-1bd4-473b-9a2c-a513051e3df8" testId="89e484ad-edf1-49d8-5a86-4bba01b426cc" testName="NhanVienChamCongVaXemThongBao" computerName="MSI" duration="00:00:11.9641040" startTime="2026-06-08T21:09:08.3439272+07:00" endTime="2026-06-08T21:09:20.3080306+07:00" testType="13cdc9d9-ddb5-4fa4-a97d-d965ccfc6d4b" outcome="Passed" testListId="8c84fa94-04c1-424b-9868-57a2d4851a1d" relativeResultsDirectory="b7fc54d9-1bd4-473b-9a2c-a513051e3df8">
      <Output>
        <StdOut>Given backend dang san sang&#xD;
-&gt; done: CommonSteps.GivenBackendDangSanSang() (0.0s)&#xD;
[...]
Then testcase "AUTO-056" đạt yêu cầu&#xD;
-&gt; done: MatrixSteps.ThenTestcaseDatYeuCau("AUTO-056") (0.0s)&#xD;
&#xD;
Given backend dang san sang&#xD;
-&gt; done: CommonSteps.GivenBackendDangSanSang() (0.0s)&#xD;
And he thong du lieu demo duoc reset&#xD;
-&gt; done: CommonSteps.GivenHeThongDuLieuDemoDuocReset() (0.0s)&#xD;
When tôi chạy testcase tự động "AUTO-057"&#xD;
-&gt; done: MatrixSteps.WhenToiChayTestcaseTuDong("AUTO-057") (0.0s)&#xD;
Then testcase "AUTO-057" đạt yêu cầu&#xD;
-&gt; done: MatrixSteps.ThenTestcaseDatYeuCau("AUTO-057") (0.0s)&#xD;
&#xD;
Given backend dang san sang&#xD;
-&gt; done: CommonSteps.GivenBackendDangSanSang() (0.0s)&#xD;
And he thong du lieu demo duoc reset&#xD;
-&gt; done: CommonSteps.GivenHeThongDuLieuDemoDuocReset() (0.0s)&#xD;
When tôi chạy testcase tự động "AUTO-058"&#xD;
-&gt; done: MatrixSteps.WhenToiChayTestcaseTuDong("AUTO-058") (0.0s)&#xD;
Then testcase "AUTO-058" đạt yêu cầu&#xD;
-&gt; done: MatrixSteps.ThenTestcaseDatYeuCau("AUTO-058") (0.0s)&#xD;
&#xD;
Given backend dang san sang&#xD;
-&gt; done: CommonSteps.GivenBackendDangSanSang() (0.0s)&#xD;
And he thong du lieu demo duoc reset&#xD;
-&gt; done: CommonSteps.GivenHeThongDuLieuDemoDuocReset() (0.0s)&#xD;
When tôi chạy testcase tự động "AUTO-059"&#xD;
-&gt; done: MatrixSteps.WhenToiChayTestcaseTuDong("AUTO-059") (0.0s)&#xD;
Then testcase "AUTO-059" đạt yêu cầu&#xD;
-&gt; done: MatrixSteps.ThenTestcaseDatYeuCau("AUTO-059") (0.0s)&#xD;
&#xD;
Given backend dang san sang&#xD;
-&gt; done: CommonSteps.GivenBackendDangSanSang() (0.0s)&#xD;
And he thong du lieu demo duoc reset&#xD;
-&gt; done: CommonSteps.GivenHeThongDuLieuDemoDuocReset() (0.0s)&#xD;
When tôi chạy testcase tự động "AUTO-060"&#xD;
-&gt; done: MatrixSteps.WhenToiChayTestcaseTuDong("AUTO-060") (0.0s)&#xD;
Then testcase "AUTO-060" đạt yêu cầu&#xD;
-&gt; done: MatrixSteps.ThenTestcaseDatYeuCau("AUTO-060") (0.0s)&#xD;
&#xD;
Given backend dang san sang&#xD;
-&gt; done: CommonSteps.GivenBackendDangSanSang() (0.0s)&#xD;
And he thong du lieu demo duoc reset&#xD;
-&gt; done: CommonSteps.GivenHeThongDuLieuDemoDuocReset() (0.0s)&#xD;
When tôi chạy testcase tự động "AUTO-061"&#xD;
-&gt; done: MatrixSteps.WhenToiChayTestcaseTuDong("AUTO-061") (0.0s)&#xD;
Then testcase "AUTO-061" đạt yêu cầu&#xD;
-&gt; done: MatrixSteps.ThenTestcaseDatYeuCau("AUTO-061") (0.0s)&#xD;
&#xD;
Given backend dang san sang&#xD;
-&gt; done: CommonSteps.GivenBackendDangSanSang() (0.0s)&#xD;
And he thong du lieu demo duoc reset&#xD;
-&gt; done: CommonSteps.GivenHeThongDuLieuDemoDuocReset() (0.0s)&#xD;
When tôi chạy testcase tự động "AUTO-062"&#xD;
-&gt; done: MatrixSteps.WhenToiChayTestcaseTuDong("AUTO-062") (0.0s)&#xD;
Then testcase "AUTO-062" đạt yêu cầu&#xD;
-&gt; done: MatrixSteps.ThenTestcaseDatYeuCau("AUTO-062") (0.0s)&#xD;
&#xD;
Given backend dang san sang&#xD;
-&gt; done: CommonSteps.GivenBackendDangSanSang() (0.0s)&#xD;
And he thong du lieu demo duoc reset&#xD;
-&gt; done: CommonSteps.GivenHeThongDuLieuDemoDuocReset() (0.0s)&#xD;
When tôi chạy testcase tự động "AUTO-063"&#xD;
-&gt; done: MatrixSteps.WhenToiChayTestcaseTuDong("AUTO-063") (0.0s)&#xD;
Then testcase "AUTO-063" đạt yêu cầu&#xD;
-&gt; done: MatrixSteps.ThenTestcaseDatYeuCau("AUTO-063") (0.0s)&#xD;
&#xD;
Given backend dang san sang&#xD;
-&gt; done: CommonSteps.GivenBackendDangSanSang() (0.0s)&#xD;
And he thong du lieu demo duoc reset&#xD;
-&gt; done: CommonSteps.GivenHeThongDuLieuDemoDuocReset() (0.0s)&#xD;
When tôi chạy testcase tự động "AUTO-064"&#xD;
-&gt; done: MatrixSteps.WhenToiChayTestcaseTuDong("AUTO-064") (0.0s)&#xD;
Then testcase "AUTO-064" đạt yêu cầu&#xD;
-&gt; done: MatrixSteps.ThenTestcaseDatYeuCau("AUTO-064") (0.0s)&#xD;
&#xD;
Given backend dang san sang&#xD;
-&gt; done: CommonSteps.GivenBackendDangSanSang() (0.0s)&#xD;
And he thong du lieu demo duoc reset&#xD;
-&gt; done: CommonSteps.GivenHeThongDuLieuDemoDuocReset() (0.0s)&#xD;
When tôi chạy testcase tự động "AUTO-065"&#xD;
-&gt; done: MatrixSteps.WhenToiChayTestcaseTuDong("AUTO-065") (0.0s)&#xD;
Then testcase "AUTO-065" đạt yêu cầu&#xD;
-&gt; done: MatrixSteps.ThenTestcaseDatYeuCau("AUTO-065") (0.0s)&#xD;
&#xD;
Given backend dang san sang&#xD;
-&gt; done: CommonSteps.GivenBackendDangSanSang() (0.0s)&#xD;
And he thong du lieu demo duoc reset&#xD;
-&gt; done: CommonSteps.GivenHeThongDuLieuDemoDuocReset() (0.0s)&#xD;
When tôi chạy testcase tự động "AUTO-066"&#xD;
-&gt; done: MatrixSteps.WhenToiChayTestcaseTuDong("AUTO-066") (0.0s)&#xD;
Then testcase "AUTO-066" đạt yêu cầu&#xD;
-&gt; done: MatrixSteps.ThenTestcaseDatYeuCau("AUTO-066") (0.0s)&#xD;
&#xD;
Given backend dang san sang&#xD;
-&gt; done: CommonSteps.GivenBackendDangSanSang() (0.0s)&#xD;
And he thong du lieu demo duoc reset&#xD;
-&gt; done: CommonSteps.GivenHeThongDuLieuDemoDuocReset() (0.0s)&#xD;
When tôi chạy testcase tự động "AUTO-067"&#xD;
-&gt; done: MatrixSteps.WhenToiChayTestcaseTuDong("AUTO-067") (0.0s)&#xD;
Then testcase "AUTO-067" đạt yêu cầu&#xD;
-&gt; done: MatrixSteps.ThenTestcaseDatYeuCau("AUTO-067") (0.0s)&#xD;
&#xD;
Given backend dang san sang&#xD;
-&gt; done: CommonSteps.GivenBackendDangSanSang() (0.0s)&#xD;
And he thong du lieu demo duoc reset&#xD;
-&gt; done: CommonSteps.GivenHeThongDuLieuDemoDuocReset() (0.0s)&#xD;
When tôi chạy testcase tự động "AUTO-068"&#xD;
-&gt; done: MatrixSteps.WhenToiChayTestcaseTuDong("AUTO-068") (0.0s)&#xD;
Then testcase "AUTO-068" đạt yêu cầu&#xD;
-&gt; done: MatrixSteps.ThenTestcaseDatYeuCau("AUTO-068") (0.0s)&#xD;
&#xD;
Given backend dang san sang&#xD;
-&gt; done: CommonSteps.GivenBackendDangSanSang() (0.0s)&#xD;
And he thong du lieu demo duoc reset&#xD;
-&gt; done: CommonSteps.GivenHeThongDuLieuDemoDuocReset() (0.0s)&#xD;
When tôi chạy testcase tự động "AUTO-069"&#xD;
-&gt; done: MatrixSteps.WhenToiChayTestcaseTuDong("AUTO-069") (0.0s)&#xD;
Then testcase "AUTO-069" đạt yêu cầu&#xD;
-&gt; done: MatrixSteps.ThenTestcaseDatYeuCau("AUTO-069") (0.0s)&#xD;
&#xD;
Given backend dang san sang&#xD;
-&gt; done: CommonSteps.GivenBackendDangSanSang() (0.0s)&#xD;
And he thong du lieu demo duoc reset&#xD;
-&gt; done: CommonSteps.GivenHeThongDuLieuDemoDuocReset() (0.0s)&#xD;
When tôi chạy testcase tự động "AUTO-070"&#xD;
-&gt; done: MatrixSteps.WhenToiChayTestcaseTuDong("AUTO-070") (0.0s)&#xD;
Then testcase "AUTO-070" đạt yêu cầu&#xD;
-&gt; done: MatrixSteps.ThenTestcaseDatYeuCau("AUTO-070") (0.0s)&#xD;
&#xD;
Given backend dang san sang&#xD;
-&gt; done: CommonSteps.GivenBackendDangSanSang() (0.0s)&#xD;
And he thong du lieu demo duoc reset&#xD;
-&gt; done: CommonSteps.GivenHeThongDuLieuDemoDuocReset() (0.0s)&#xD;
When tôi chạy testcase tự động "AUTO-071"&#xD;
-&gt; done: MatrixSteps.WhenToiChayTestcaseTuDong("AUTO-071") (0.0s)&#xD;
Then testcase "AUTO-071" đạt yêu cầu&#xD;
-&gt; done: MatrixSteps.ThenTestcaseDatYeuCau("AUTO-071") (0.0s)&#xD;
&#xD;
Given backend dang san sang&#xD;
-&gt; done: CommonSteps.GivenBackendDangSanSang() (0.0s)&#xD;
And he thong du lieu demo duoc reset&#xD;
-&gt; done: CommonSteps.GivenHeThongDuLieuDemoDuocReset() (0.0s)&#xD;
When tôi chạy testcase tự động "AUTO-072"&#xD;
-&gt; done: MatrixSteps.WhenToiChayTestcaseTuDong("AUTO-072") (0.0s)&#xD;
Then testcase "AUTO-072" đạt yêu cầu&#xD;
-&gt; done: MatrixSteps.ThenTestcaseDatYeuCau("AUTO-072") (0.0s)&#xD;
&#xD;
Given backend dang san sang&#xD;
-&gt; done: CommonSteps.GivenBackendDangSanSang() (0.0s)&#xD;
And he thong du lieu demo duoc reset&#xD;
-&gt; done: CommonSteps.GivenHeThongDuLieuDemoDuocReset() (0.0s)&#xD;
When tôi chạy testcase tự động "AUTO-073"&#xD;
-&gt; done: MatrixSteps.WhenToiChayTestcaseTuDong("AUTO-073") (0.0s)&#xD;
Then testcase "AUTO-073" đạt yêu cầu&#xD;
-&gt; done: MatrixSteps.ThenTestcaseDatYeuCau("AUTO-073") (0.0s)&#xD;
&#xD;
Given backend dang san sang&#xD;
-&gt; done: CommonSteps.GivenBackendDangSanSang() (0.0s)&#xD;
And he thong du lieu demo duoc reset&#xD;
-&gt; done: CommonSteps.GivenHeThongDuLieuDemoDuocReset() (0.0s)&#xD;
When tôi chạy testcase tự động "AUTO-074"&#xD;
-&gt; done: MatrixSteps.WhenToiChayTestcaseTuDong("AUTO-074") (0.0s)&#xD;
Then testcase "AUTO-074" đạt yêu cầu&#xD;
-&gt; done: MatrixSteps.ThenTestcaseDatYeuCau("AUTO-074") (0.0s)&#xD;
&#xD;
Given backend dang san sang&#xD;
-&gt; done: CommonSteps.GivenBackendDangSanSang() (0.0s)&#xD;
And he thong du lieu demo duoc reset&#xD;
-&gt; done: CommonSteps.GivenHeThongDuLieuDemoDuocReset() (0.0s)&#xD;
When tôi chạy testcase tự động "AUTO-075"&#xD;
-&gt; done: MatrixSteps.WhenToiChayTestcaseTuDong("AUTO-075") (0.0s)&#xD;
Then testcase "AUTO-075" đạt yêu cầu&#xD;
-&gt; done: MatrixSteps.ThenTestcaseDatYeuCau("AUTO-075") (0.0s)&#xD;
&#xD;
Given backend dang san sang&#xD;
-&gt; done: CommonSteps.GivenBackendDangSanSang() (0.0s)&#xD;
And he thong du lieu demo duoc reset&#xD;
-&gt; done: CommonSteps.GivenHeThongDuLieuDemoDuocReset() (0.0s)&#xD;
When tôi chạy testcase tự động "AUTO-076"&#xD;
-&gt; done: MatrixSteps.WhenToiChayTestcaseTuDong("AUTO-076") (0.0s)&#xD;
Then testcase "AUTO-076" đạt yêu cầu&#xD;
-&gt; done: MatrixSteps.ThenTestcaseDatYeuCau("AUTO-076") (0.0s)&#xD;
&#xD;
Given backend dang san sang&#xD;
-&gt; done: CommonSteps.GivenBackendDangSanSang() (0.0s)&#xD;
And he thong du lieu demo duoc reset&#xD;
-&gt; done: CommonSteps.GivenHeThongDuLieuDemoDuocReset() (0.0s)&#xD;
When tôi chạy testcase tự động "AUTO-077"&#xD;
-&gt; done: MatrixSteps.WhenToiChayTestcaseTuDong("AUTO-077") (0.0s)&#xD;
Then testcase "AUTO-077" đạt yêu cầu&#xD;
-&gt; done: MatrixSteps.ThenTestcaseDatYeuCau("AUTO-077") (0.0s)&#xD;
&#xD;
Given backend dang san sang&#xD;
-&gt; done: CommonSteps.GivenBackendDangSanSang() (0.0s)&#xD;
And he thong du lieu demo duoc reset&#xD;
-&gt; done: CommonSteps.GivenHeThongDuLieuDemoDuocReset() (0.0s)&#xD;
When tôi chạy testcase tự động "AUTO-078"&#xD;
-&gt; done: MatrixSteps.WhenToiChayTestcaseTuDong("AUTO-078") (0.0s)&#xD;
Then testcase "AUTO-078" đạt yêu cầu&#xD;
-&gt; done: MatrixSteps.ThenTestcaseDatYeuCau("AUTO-078") (0.0s)&#xD;
&#xD;
Given backend dang san sang&#xD;
-&gt; done: CommonSteps.GivenBackendDangSanSang() (0.0s)&#xD;
And he thong du lieu demo duoc reset&#xD;
-&gt; done: CommonSteps.GivenHeThongDuLieuDemoDuocReset() (0.0s)&#xD;
When tôi chạy testcase tự động "AUTO-079"&#xD;
-&gt; done: MatrixSteps.WhenToiChayTestcaseTuDong("AUTO-079") (0.0s)&#xD;
Then testcase "AUTO-079" đạt yêu cầu&#xD;
-&gt; done: MatrixSteps.ThenTestcaseDatYeuCau("AUTO-079") (0.0s)&#xD;
&#xD;
Given backend dang san sang&#xD;
-&gt; done: CommonSteps.GivenBackendDangSanSang() (0.0s)&#xD;
And he thong du lieu demo duoc reset&#xD;
-&gt; done: CommonSteps.GivenHeThongDuLieuDemoDuocReset() (0.0s)&#xD;
When tôi chạy testcase tự động "AUTO-080"&#xD;
-&gt; done: MatrixSteps.WhenToiChayTestcaseTuDong("AUTO-080") (0.0s)&#xD;
Then testcase "AUTO-080" đạt yêu cầu&#xD;
-&gt; done: MatrixSteps.ThenTestcaseDatYeuCau("AUTO-080") (0.0s)&#xD;
&#xD;
Given backend dang san sang&#xD;
-&gt; done: CommonSteps.GivenBackendDangSanSang() (0.0s)&#xD;
And he thong du lieu demo duoc reset&#xD;
-&gt; done: CommonSteps.GivenHeThongDuLieuDemoDuocReset() (0.0s)&#xD;
When tôi chạy testcase tự động "AUTO-081"&#xD;
-&gt; done: MatrixSteps.WhenToiChayTestcaseTuDong("AUTO-081") (0.0s)&#xD;
Then testcase "AUTO-081" đạt yêu cầu&#xD;
-&gt; done: MatrixSteps.ThenTestcaseDatYeuCau("AUTO-081") (0.0s)&#xD;
&#xD;
Given backend dang san sang&#xD;
-&gt; done: CommonSteps.GivenBackendDangSanSang() (0.0s)&#xD;
And he thong du lieu demo duoc reset&#xD;
-&gt; done: CommonSteps.GivenHeThongDuLieuDemoDuocReset() (0.0s)&#xD;
When tôi chạy testcase tự động "AUTO-082"&#xD;
-&gt; done: MatrixSteps.WhenToiChayTestcaseTuDong("AUTO-082") (0.0s)&#xD;
Then testcase "AUTO-082" đạt yêu cầu&#xD;
-&gt; done: MatrixSteps.ThenTestcaseDatYeuCau("AUTO-082") (0.0s)&#xD;
&#xD;
Starting ChromeDriver 148.0.7778.178 (d096af1c9e98c45c3596e59620622b1a049bfecb-refs/branch-heads/7778@{#3196}) on port 50622&#xD;
Only local connections are allowed.&#xD;
Please see https://chromedriver.chromium.org/security-considerations for suggestions on keeping ChromeDriver safe.&#xD;
ChromeDriver was started successfully on port 50622.&#xD;
Given backend dang san sang&#xD;
-&gt; done: CommonSteps.GivenBackendDangSanSang() (0.0s)&#xD;
And he thong du lieu demo duoc reset&#xD;
-&gt; done: CommonSteps.GivenHeThongDuLieuDemoDuocReset() (0.0s)&#xD;
When toi dang nhap web Flutter "staff" voi tai khoan "staff" mat khau "123"&#xD;
-&gt; done: CommonSteps.WhenToiDangNhapWebFlutter("staff", "staff", "123") (6.5s)&#xD;
And staff cham cong vao ca va ra ca&#xD;
-&gt; done: StaffSteps.WhenStaffChamCongVaoCaVaRaCa() (5.2s)&#xD;
Then backend ghi nhan cham cong hien tai da ra ca&#xD;
-&gt; done: StaffSteps.ThenBackendGhiNhanChamCongHienTaiDaRaCa() (0.0s)&#xD;
And staff xem duoc thong bao noi bo&#xD;
-&gt; done: StaffSteps.ThenStaffXemDuocThongBaoNoiBo() (0.0s)&#xD;
&#xD;
Starting ChromeDriver 148.0.7778.178 (d096af1c9e98c45c3596e59620622b1a049bfecb-refs/branch-heads/7778@{#3196}) on port 59973&#xD;
Only local connections are allowed.&#xD;
Please see https://chromedriver.chromium.org/security-considerations for suggestions on keeping ChromeDriver safe.&#xD;
ChromeDriver was started successfully on port 59973.&#xD;
Given backend dang san sang&#xD;
-&gt; done: CommonSteps.GivenBackendDangSanSang() (0.0s)&#xD;
And he thong du lieu demo duoc reset&#xD;
-&gt; done: CommonSteps.GivenHeThongDuLieuDemoDuocReset() (0.0s)&#xD;
When toi dang nhap web Flutter "staff" voi tai khoan "staff" mat khau "123"&#xD;
-&gt; done: CommonSteps.WhenToiDangNhapWebFlutter("staff", "staff", "123") (6.4s)&#xD;
Then ung dung Flutter da dang nhap thanh cong&#xD;
-&gt; done: CommonSteps.ThenUngDungFlutterDaDangNhapThanhCong() (0.1s)&#xD;
When toi di den man hinh Flutter so 1&#xD;
-&gt; done: CommonSteps.WhenToiDiDenManHinhFlutterSo(1) (1.6s)&#xD;
Then trang khong hien thi loi ket noi&#xD;
-&gt; done: CommonSteps.ThenTrangKhongHienThiLoiKetNoi() (0.0s)&#xD;
When toi di den man hinh Flutter so 2&#xD;
-&gt; done: CommonSteps.WhenToiDiDenManHinhFlutterSo(2) (1.9s)&#xD;
Then trang khong hien thi loi ket noi&#xD;
-&gt; done: CommonSteps.ThenTrangKhongHienThiLoiKetNoi() (0.0s)&#xD;
When toi di den man hinh Flutter so 3&#xD;
-&gt; done: CommonSteps.WhenToiDiDenManHinhFlutterSo(3) (3.0s)&#xD;
Then trang khong hien thi loi ket noi&#xD;
-&gt; done: CommonSteps.ThenTrangKhongHienThiLoiKetNoi() (0.0s)&#xD;
When toi di den man hinh Flutter so 4&#xD;
-&gt; done: CommonSteps.WhenToiDiDenManHinhFlutterSo(4) (2.1s)&#xD;
Then trang khong hien thi loi ket noi&#xD;
-&gt; done: CommonSteps.ThenTrangKhongHienThiLoiKetNoi() (0.0s)&#xD;
When toi di den man hinh Flutter so 5&#xD;
-&gt; done: CommonSteps.WhenToiDiDenManHinhFlutterSo(5) (1.7s)&#xD;
Then trang khong hien thi loi ket noi&#xD;
-&gt; done: CommonSteps.ThenTrangKhongHienThiLoiKetNoi() (0.0s)&#xD;
When toi di den man hinh Flutter so 6&#xD;
-&gt; done: CommonSteps.WhenToiDiDenManHinhFlutterSo(6) (1.7s)&#xD;
Then trang khong hien thi loi ket noi&#xD;
-&gt; done: CommonSteps.ThenTrangKhongHienThiLoiKetNoi() (0.0s)&#xD;
When toi di den man hinh Flutter so 7&#xD;
-&gt; done: CommonSteps.WhenToiDiDenManHinhFlutterSo(7) (1.5s)&#xD;
Then trang khong hien thi loi ket noi&#xD;
-&gt; done: CommonSteps.ThenTrangKhongHienThiLoiKetNoi() (0.0s)&#xD;
&#xD;
Starting ChromeDriver 148.0.7778.178 (d096af1c9e98c45c3596e59620622b1a049bfecb-refs/branch-heads/7778@{#3196}) on port 61406&#xD;
Only local connections are allowed.&#xD;
Please see https://chromedriver.chromium.org/security-considerations for suggestions on keeping ChromeDriver safe.&#xD;
ChromeDriver was started successfully on port 61406.&#xD;
Given backend dang san sang&#xD;
-&gt; done: CommonSteps.GivenBackendDangSanSang() (0.0s)&#xD;
And he thong du lieu demo duoc reset&#xD;
-&gt; done: CommonSteps.GivenHeThongDuLieuDemoDuocReset() (0.0s)&#xD;
Given backend co hoa don mo cua staff tai ban 7&#xD;
-&gt; done: StaffSteps.GivenBackendCoHoaDonMoCuaStaffTaiBan(7) (0.0s)&#xD;
When toi dang nhap web Flutter "staff" voi tai khoan "staff" mat khau "123"&#xD;
-&gt; done: CommonSteps.WhenToiDangNhapWebFlutter("staff", "staff", "123") (6.3s)&#xD;
And staff ghi no hoa don hien tai cho khach "Auto Debt Guest"&#xD;
-&gt; done: StaffSteps.WhenStaffGhiNoHoaDonHienTaiChoKhach("Auto Debt Guest") (7.1s)&#xD;
Then backend ghi nhan hoa don hien tai co trang thai "debt"&#xD;
-&gt; done: StaffSteps.ThenBackendGhiNhanHoaDonHienTaiCoTrangThai("debt") (0.0s)&#xD;
Given backend co cong no cua khach "Auto Collect Guest"&#xD;
-&gt; done: StaffSteps.GivenBackendCoCongNoCuaKhach("Auto Collect Guest") (0.0s)&#xD;
When staff thu het cong no hien tai&#xD;
-&gt; done: StaffSteps.WhenStaffThuHetCongNoHienTai() (3.7s)&#xD;
Then backend ghi nhan cong no hien tai da "paid"&#xD;
-&gt; done: StaffSteps.ThenBackendGhiNhanCongNoHienTaiDa("paid") (0.0s)&#xD;
&#xD;
Starting ChromeDriver 148.0.7778.178 (d096af1c9e98c45c3596e59620622b1a049bfecb-refs/branch-heads/7778@{#3196}) on port 54952&#xD;
Only local connections are allowed.&#xD;
Please see https://chromedriver.chromium.org/security-considerations for suggestions on keeping ChromeDriver safe.&#xD;
ChromeDriver was started successfully on port 54952.&#xD;
Given backend dang san sang&#xD;
-&gt; done: CommonSteps.GivenBackendDangSanSang() (0.0s)&#xD;
And he thong du lieu demo duoc reset&#xD;
-&gt; done: CommonSteps.GivenHeThongDuLieuDemoDuocReset() (0.0s)&#xD;
When toi dang nhap web Flutter "staff" voi tai khoan "staff" mat khau "123"&#xD;
-&gt; done: CommonSteps.WhenToiDangNhapWebFlutter("staff", "staff", "123") (6.3s)&#xD;
And staff goi mon co ma 1 cho ban 7&#xD;
-&gt; done: StaffSteps.WhenStaffGoiMonCoMaChoBan(1, 7) (2.9s)&#xD;
Then backend co hoa don staff mo tai ban 7&#xD;
-&gt; done: StaffSteps.ThenBackendCoHoaDonStaffMoTaiBan(7) (0.0s)&#xD;
&#xD;
Starting ChromeDriver 148.0.7778.178 (d096af1c9e98c45c3596e59620622b1a049bfecb-refs/branch-heads/7778@{#3196}) on port 64110&#xD;
Only local connections are allowed.&#xD;
Please see https://chromedriver.chromium.org/security-considerations for suggestions on keeping ChromeDriver safe.&#xD;
ChromeDriver was started successfully on port 64110.&#xD;
Given backend dang san sang&#xD;
-&gt; done: CommonSteps.GivenBackendDangSanSang() (0.0s)&#xD;
And he thong du lieu demo duoc reset&#xD;
-&gt; done: CommonSteps.GivenHeThongDuLieuDemoDuocReset() (0.0s)&#xD;
Given backend co hoa don mo cua staff tai ban 7&#xD;
-&gt; done: StaffSteps.GivenBackendCoHoaDonMoCuaStaffTaiBan(7) (0.0s)&#xD;
When toi dang nhap web Flutter "staff" voi tai khoan "staff" mat khau "123"&#xD;
-&gt; done: CommonSteps.WhenToiDangNhapWebFlutter("staff", "staff", "123") (6.6s)&#xD;
And staff thanh toan hoa don hien tai&#xD;
-&gt; done: StaffSteps.WhenStaffThanhToanHoaDonHienTai() (6.1s)&#xD;
Then backend ghi nhan hoa don hien tai co trang thai "paid"&#xD;
-&gt; done: StaffSteps.ThenBackendGhiNhanHoaDonHienTaiCoTrangThai("paid") (0.0s)&#xD;
&#xD;
Starting ChromeDriver 148.0.7778.178 (d096af1c9e98c45c3596e59620622b1a049bfecb-refs/branch-heads/7778@{#3196}) on port 50718&#xD;
Only local connections are allowed.&#xD;
Please see https://chromedriver.chromium.org/security-considerations for suggestions on keeping ChromeDriver safe.&#xD;
ChromeDriver was started successfully on port 50718.&#xD;
Given backend dang san sang&#xD;
-&gt; done: CommonSteps.GivenBackendDangSanSang() (0.0s)&#xD;
And he thong du lieu demo duoc reset&#xD;
-&gt; done: CommonSteps.GivenHeThongDuLieuDemoDuocReset() (0.0s)&#xD;
When toi dang nhap web Flutter "staff" voi tai khoan "staff" mat khau "123"&#xD;
-&gt; done: CommonSteps.WhenToiDangNhapWebFlutter("staff", "staff", "123") (6.4s)&#xD;
And staff tao ban "Ban Auto Staff" so ghe "4" khu "Khu Auto"&#xD;
-&gt; done: StaffSteps.WhenStaffTaoBanSoGheKhu("Ban Auto Staff", "4", "Khu Auto") (7.2s)&#xD;
Then backend co ban "Ban Auto Staff"&#xD;
-&gt; done: CommonSteps.ThenBackendCoBan("Ban Auto Staff") (0.0s)&#xD;
&#xD;
NUnit Adapter 4.6.0.0: Test execution complete&#xD;
</StdOut>
    </Output>
  </ResultSummary>
</TestRun>